<?xml version="1.0" encoding="UTF-8"?>
<coverage generated="1596206707007" clover="3.2.0">
  <project timestamp="1596206707007" name="All files">
    <metrics statements="11" coveredstatements="11" conditionals="0" coveredconditionals="0" methods="10" coveredmethods="9" elements="21" coveredelements="20" complexity="0" loc="11" ncloc="11" packages="3" files="3" classes="3"/>
    <package name="button">
      <metrics statements="1" coveredstatements="1" conditionals="0" coveredconditionals="0" methods="1" coveredmethods="1"/>
      <file name="PButton.vue" path="C:\Users\longo\Andrea\developing\projecting\projecting-app\src\components\button\PButton.vue">
        <metrics statements="1" coveredstatements="1" conditionals="0" coveredconditionals="0" methods="1" coveredmethods="1"/>
        <line num="41" count="1" type="stmt"/>
      </file>
    </package>
    <package name="collapse">
      <metrics statements="4" coveredstatements="4" conditionals="0" coveredconditionals="0" methods="3" coveredmethods="3"/>
      <file name="PCollapseItem.vue" path="C:\Users\longo\Andrea\developing\projecting\projecting-app\src\components\collapse\PCollapseItem.vue">
        <metrics statements="4" coveredstatements="4" conditionals="0" coveredconditionals="0" methods="3" coveredmethods="3"/>
        <line num="32" count="2" type="stmt"/>
        <line num="38" count="1" type="stmt"/>
        <line num="43" count="2" type="stmt"/>
        <line num="46" count="2" type="stmt"/>
      </file>
    </package>
    <package name="navbar">
      <metrics statements="6" coveredstatements="6" conditionals="0" coveredconditionals="0" methods="6" coveredmethods="5"/>
      <file name="PNavbar.vue" path="C:\Users\longo\Andrea\developing\projecting\projecting-app\src\components\navbar\PNavbar.vue">
        <metrics statements="6" coveredstatements="6" conditionals="0" coveredconditionals="0" methods="6" coveredmethods="5"/>
        <line num="31" count="1" type="stmt"/>
        <line num="37" count="1" type="stmt"/>
        <line num="41" count="1" type="stmt"/>
        <line num="44" count="1" type="stmt"/>
        <line num="47" count="1" type="stmt"/>
        <line num="50" count="1" type="stmt"/>
      </file>
    </package>
  </project>
</coverage>
