{"C:\\Users\\longo\\Andrea\\developing\\projecting\\projecting-app\\src\\registerServiceWorker.js": {"path":"C:\\Users\\longo\\Andrea\\developing\\projecting\\projecting-app\\src\\registerServiceWorker.js","statementMap":{"0":{"start":{"line":5,"column":0},"end":{"line":32,"column":1}},"1":{"start":{"line":6,"column":2},"end":{"line":31,"column":5}},"2":{"start":{"line":8,"column":6},"end":{"line":11,"column":8}},"3":{"start":{"line":14,"column":6},"end":{"line":14,"column":57}},"4":{"start":{"line":17,"column":6},"end":{"line":17,"column":62}},"5":{"start":{"line":20,"column":6},"end":{"line":20,"column":49}},"6":{"start":{"line":23,"column":6},"end":{"line":23,"column":63}},"7":{"start":{"line":26,"column":6},"end":{"line":26,"column":83}},"8":{"start":{"line":29,"column":6},"end":{"line":29,"column":72}}},"fnMap":{"0":{"name":"(anonymous_0)","decl":{"start":{"line":7,"column":4},"end":{"line":7,"column":5}},"loc":{"start":{"line":7,"column":12},"end":{"line":12,"column":5}},"line":7},"1":{"name":"(anonymous_1)","decl":{"start":{"line":13,"column":4},"end":{"line":13,"column":5}},"loc":{"start":{"line":13,"column":17},"end":{"line":15,"column":5}},"line":13},"2":{"name":"(anonymous_2)","decl":{"start":{"line":16,"column":4},"end":{"line":16,"column":5}},"loc":{"start":{"line":16,"column":13},"end":{"line":18,"column":5}},"line":16},"3":{"name":"(anonymous_3)","decl":{"start":{"line":19,"column":4},"end":{"line":19,"column":5}},"loc":{"start":{"line":19,"column":18},"end":{"line":21,"column":5}},"line":19},"4":{"name":"(anonymous_4)","decl":{"start":{"line":22,"column":4},"end":{"line":22,"column":5}},"loc":{"start":{"line":22,"column":14},"end":{"line":24,"column":5}},"line":22},"5":{"name":"(anonymous_5)","decl":{"start":{"line":25,"column":4},"end":{"line":25,"column":5}},"loc":{"start":{"line":25,"column":14},"end":{"line":27,"column":5}},"line":25},"6":{"name":"(anonymous_6)","decl":{"start":{"line":28,"column":4},"end":{"line":28,"column":5}},"loc":{"start":{"line":28,"column":17},"end":{"line":30,"column":5}},"line":28}},"branchMap":{"0":{"loc":{"start":{"line":5,"column":0},"end":{"line":32,"column":1}},"type":"if","locations":[{"start":{"line":5,"column":0},"end":{"line":32,"column":1}},{"start":{"line":5,"column":0},"end":{"line":32,"column":1}}],"line":5}},"s":{"0":0,"1":0,"2":0,"3":0,"4":0,"5":0,"6":0,"7":0,"8":0},"f":{"0":0,"1":0,"2":0,"3":0,"4":0,"5":0,"6":0},"b":{"0":[0,0]},"hash":"c8f3f1d7f5fc851cca94f36c75723094f4c2b367"}
,"C:\\Users\\longo\\Andrea\\developing\\projecting\\projecting-app\\src\\components\\box\\index.js": {"path":"C:\\Users\\longo\\Andrea\\developing\\projecting\\projecting-app\\src\\components\\box\\index.js","statementMap":{},"fnMap":{},"branchMap":{},"s":{},"f":{},"b":{},"_coverageSchema":"43e27e138ebf9cfc5966b082cf9a028302ed4184","hash":"2645b8b508ce68c3b931a5e8d9b14a8197d29277"}
,"C:\\Users\\longo\\Andrea\\developing\\projecting\\projecting-app\\src\\components\\button\\PButton.vue": {"path":"C:\\Users\\longo\\Andrea\\developing\\projecting\\projecting-app\\src\\components\\button\\PButton.vue","statementMap":{"0":{"start":{"line":41,"column":0},"end":{"line":41,"column":null}}},"fnMap":{"0":{"name":"(anonymous_1)","decl":{"start":{"line":40,"column":0},"end":{"line":40,"column":null}},"loc":{"start":{"line":40,"column":0},"end":{"line":42,"column":null}}}},"branchMap":{},"s":{"0":1},"f":{"0":1},"b":{}}
,"C:\\Users\\longo\\Andrea\\developing\\projecting\\projecting-app\\src\\components\\button\\index.js": {"path":"C:\\Users\\longo\\Andrea\\developing\\projecting\\projecting-app\\src\\components\\button\\index.js","statementMap":{},"fnMap":{},"branchMap":{},"s":{},"f":{},"b":{},"_coverageSchema":"43e27e138ebf9cfc5966b082cf9a028302ed4184","hash":"a8467f9866e5368acc744ae2ce687f24e774d6b1"}
,"C:\\Users\\longo\\Andrea\\developing\\projecting\\projecting-app\\src\\components\\card\\index.js": {"path":"C:\\Users\\longo\\Andrea\\developing\\projecting\\projecting-app\\src\\components\\card\\index.js","statementMap":{},"fnMap":{},"branchMap":{},"s":{},"f":{},"b":{},"_coverageSchema":"43e27e138ebf9cfc5966b082cf9a028302ed4184","hash":"ae3d00c3149fb3a54af6dcc74b20b5ee650fd694"}
,"C:\\Users\\longo\\Andrea\\developing\\projecting\\projecting-app\\src\\components\\collapse\\PCollapseItem.vue": {"path":"C:\\Users\\longo\\Andrea\\developing\\projecting\\projecting-app\\src\\components\\collapse\\PCollapseItem.vue","statementMap":{"0":{"start":{"line":32,"column":0},"end":{"line":32,"column":null}},"1":{"start":{"line":38,"column":0},"end":{"line":38,"column":null}},"2":{"start":{"line":43,"column":0},"end":{"line":43,"column":null}},"3":{"start":{"line":46,"column":0},"end":{"line":46,"column":null}}},"fnMap":{"0":{"name":"(anonymous_1)","decl":{"start":{"line":31,"column":0},"end":{"line":31,"column":null}},"loc":{"start":{"line":31,"column":0},"end":{"line":35,"column":null}}},"1":{"name":"(anonymous_2)","decl":{"start":{"line":37,"column":0},"end":{"line":37,"column":null}},"loc":{"start":{"line":37,"column":0},"end":{"line":39,"column":null}}},"2":{"name":"(anonymous_3)","decl":{"start":{"line":42,"column":0},"end":{"line":42,"column":null}},"loc":{"start":{"line":42,"column":0},"end":{"line":47,"column":null}}}},"branchMap":{},"s":{"0":0,"1":0,"2":0,"3":0},"f":{"0":0,"1":0,"2":0},"b":{}}
,"C:\\Users\\longo\\Andrea\\developing\\projecting\\projecting-app\\src\\components\\collapse\\index.js": {"path":"C:\\Users\\longo\\Andrea\\developing\\projecting\\projecting-app\\src\\components\\collapse\\index.js","statementMap":{},"fnMap":{},"branchMap":{},"s":{},"f":{},"b":{},"hash":"10ba3453be0d536f80f3642e5b4e2ada0556305d"}
,"C:\\Users\\longo\\Andrea\\developing\\projecting\\projecting-app\\src\\components\\modal\\index.js": {"path":"C:\\Users\\longo\\Andrea\\developing\\projecting\\projecting-app\\src\\components\\modal\\index.js","statementMap":{},"fnMap":{},"branchMap":{},"s":{},"f":{},"b":{},"hash":"a5fff3327baed4d3e571d32cdbc492c085a9a3e6"}
,"C:\\Users\\longo\\Andrea\\developing\\projecting\\projecting-app\\src\\components\\navbar\\PNavbar.vue": {"path":"C:\\Users\\longo\\Andrea\\developing\\projecting\\projecting-app\\src\\components\\navbar\\PNavbar.vue","statementMap":{"0":{"start":{"line":31,"column":0},"end":{"line":31,"column":null}},"1":{"start":{"line":37,"column":0},"end":{"line":37,"column":null}},"2":{"start":{"line":41,"column":0},"end":{"line":41,"column":null}},"3":{"start":{"line":44,"column":0},"end":{"line":44,"column":null}},"4":{"start":{"line":47,"column":0},"end":{"line":47,"column":null}},"5":{"start":{"line":50,"column":0},"end":{"line":50,"column":null}}},"fnMap":{"0":{"name":"(anonymous_1)","decl":{"start":{"line":30,"column":0},"end":{"line":30,"column":null}},"loc":{"start":{"line":30,"column":0},"end":{"line":35,"column":null}}},"1":{"name":"(anonymous_2)","decl":{"start":{"line":36,"column":0},"end":{"line":36,"column":null}},"loc":{"start":{"line":36,"column":0},"end":{"line":38,"column":null}}},"2":{"name":"(anonymous_3)","decl":{"start":{"line":40,"column":0},"end":{"line":40,"column":null}},"loc":{"start":{"line":40,"column":0},"end":{"line":42,"column":null}}},"3":{"name":"(anonymous_4)","decl":{"start":{"line":41,"column":0},"end":{"line":41,"column":null}},"loc":{"start":{"line":41,"column":0},"end":{"line":41,"column":null}}},"4":{"name":"(anonymous_5)","decl":{"start":{"line":43,"column":0},"end":{"line":43,"column":null}},"loc":{"start":{"line":43,"column":0},"end":{"line":45,"column":null}}},"5":{"name":"(anonymous_6)","decl":{"start":{"line":46,"column":0},"end":{"line":46,"column":null}},"loc":{"start":{"line":46,"column":0},"end":{"line":51,"column":null}}}},"branchMap":{},"s":{"0":0,"1":0,"2":0,"3":0,"4":0,"5":0},"f":{"0":0,"1":0,"2":0,"3":0,"4":0,"5":0},"b":{}}
,"C:\\Users\\longo\\Andrea\\developing\\projecting\\projecting-app\\src\\components\\navbar\\index.js": {"path":"C:\\Users\\longo\\Andrea\\developing\\projecting\\projecting-app\\src\\components\\navbar\\index.js","statementMap":{},"fnMap":{},"branchMap":{},"s":{},"f":{},"b":{},"hash":"e086799301fa01c82838b01b036fbcf56284314e"}
,"C:\\Users\\longo\\Andrea\\developing\\projecting\\projecting-app\\src\\components\\roadmap\\index.js": {"path":"C:\\Users\\longo\\Andrea\\developing\\projecting\\projecting-app\\src\\components\\roadmap\\index.js","statementMap":{},"fnMap":{},"branchMap":{},"s":{},"f":{},"b":{},"hash":"6cfec9bfca1151c1bf972072c85d4a197ec293e4"}
,"C:\\Users\\longo\\Andrea\\developing\\projecting\\projecting-app\\src\\router\\index.js": {"path":"C:\\Users\\longo\\Andrea\\developing\\projecting\\projecting-app\\src\\router\\index.js","statementMap":{"0":{"start":{"line":6,"column":0},"end":{"line":6,"column":19}},"1":{"start":{"line":8,"column":15},"end":{"line":63,"column":1}},"2":{"start":{"line":18,"column":25},"end":{"line":18,"column":90}},"3":{"start":{"line":24,"column":25},"end":{"line":24,"column":91}},"4":{"start":{"line":26,"column":10},"end":{"line":32,"column":11}},"5":{"start":{"line":28,"column":12},"end":{"line":28,"column":19}},"6":{"start":{"line":31,"column":12},"end":{"line":31,"column":27}},"7":{"start":{"line":38,"column":29},"end":{"line":38,"column":98}},"8":{"start":{"line":43,"column":29},"end":{"line":43,"column":105}},"9":{"start":{"line":48,"column":29},"end":{"line":48,"column":98}},"10":{"start":{"line":50,"column":14},"end":{"line":56,"column":15}},"11":{"start":{"line":52,"column":16},"end":{"line":52,"column":23}},"12":{"start":{"line":55,"column":16},"end":{"line":55,"column":31}},"13":{"start":{"line":65,"column":15},"end":{"line":67,"column":2}}},"fnMap":{"0":{"name":"(anonymous_0)","decl":{"start":{"line":18,"column":19},"end":{"line":18,"column":20}},"loc":{"start":{"line":18,"column":25},"end":{"line":18,"column":90}},"line":18},"1":{"name":"(anonymous_1)","decl":{"start":{"line":24,"column":19},"end":{"line":24,"column":20}},"loc":{"start":{"line":24,"column":25},"end":{"line":24,"column":91}},"line":24},"2":{"name":"(anonymous_2)","decl":{"start":{"line":25,"column":21},"end":{"line":25,"column":22}},"loc":{"start":{"line":25,"column":41},"end":{"line":33,"column":9}},"line":25},"3":{"name":"(anonymous_3)","decl":{"start":{"line":38,"column":23},"end":{"line":38,"column":24}},"loc":{"start":{"line":38,"column":29},"end":{"line":38,"column":98}},"line":38},"4":{"name":"(anonymous_4)","decl":{"start":{"line":43,"column":23},"end":{"line":43,"column":24}},"loc":{"start":{"line":43,"column":29},"end":{"line":43,"column":105}},"line":43},"5":{"name":"(anonymous_5)","decl":{"start":{"line":48,"column":23},"end":{"line":48,"column":24}},"loc":{"start":{"line":48,"column":29},"end":{"line":48,"column":98}},"line":48},"6":{"name":"(anonymous_6)","decl":{"start":{"line":49,"column":25},"end":{"line":49,"column":26}},"loc":{"start":{"line":49,"column":45},"end":{"line":57,"column":13}},"line":49}},"branchMap":{"0":{"loc":{"start":{"line":26,"column":10},"end":{"line":32,"column":11}},"type":"if","locations":[{"start":{"line":26,"column":10},"end":{"line":32,"column":11}},{"start":{"line":26,"column":10},"end":{"line":32,"column":11}}],"line":26},"1":{"loc":{"start":{"line":50,"column":14},"end":{"line":56,"column":15}},"type":"if","locations":[{"start":{"line":50,"column":14},"end":{"line":56,"column":15}},{"start":{"line":50,"column":14},"end":{"line":56,"column":15}}],"line":50}},"s":{"0":0,"1":0,"2":0,"3":0,"4":0,"5":0,"6":0,"7":0,"8":0,"9":0,"10":0,"11":0,"12":0,"13":0},"f":{"0":0,"1":0,"2":0,"3":0,"4":0,"5":0,"6":0},"b":{"0":[0,0],"1":[0,0]},"hash":"d290c5779974b5f1b2ee4565803616ffacf95ee4"}
,"C:\\Users\\longo\\Andrea\\developing\\projecting\\projecting-app\\src\\store\\index.js": {"path":"C:\\Users\\longo\\Andrea\\developing\\projecting\\projecting-app\\src\\store\\index.js","statementMap":{"0":{"start":{"line":9,"column":0},"end":{"line":9,"column":14}},"1":{"start":{"line":11,"column":14},"end":{"line":18,"column":2}}},"fnMap":{},"branchMap":{},"s":{"0":0,"1":0},"f":{},"b":{},"hash":"0eaefa3553449e4bbced313e279b4ac56b9bbd0e"}
,"C:\\Users\\longo\\Andrea\\developing\\projecting\\projecting-app\\src\\store\\modules\\deadlines\\actions.js": {"path":"C:\\Users\\longo\\Andrea\\developing\\projecting\\projecting-app\\src\\store\\modules\\deadlines\\actions.js","statementMap":{"0":{"start":{"line":9,"column":18},"end":{"line":19,"column":1}},"1":{"start":{"line":10,"column":17},"end":{"line":10,"column":48}},"2":{"start":{"line":12,"column":2},"end":{"line":18,"column":7}},"3":{"start":{"line":17,"column":6},"end":{"line":17,"column":33}},"4":{"start":{"line":28,"column":20},"end":{"line":45,"column":1}},"5":{"start":{"line":30,"column":2},"end":{"line":30,"column":66}},"6":{"start":{"line":33,"column":17},"end":{"line":33,"column":48}},"7":{"start":{"line":35,"column":2},"end":{"line":44,"column":7}},"8":{"start":{"line":53,"column":23},"end":{"line":64,"column":1}},"9":{"start":{"line":54,"column":2},"end":{"line":54,"column":44}},"10":{"start":{"line":57,"column":17},"end":{"line":57,"column":48}},"11":{"start":{"line":59,"column":2},"end":{"line":63,"column":14}},"12":{"start":{"line":72,"column":31},"end":{"line":78,"column":1}},"13":{"start":{"line":73,"column":27},"end":{"line":73,"column":65}},"14":{"start":{"line":75,"column":2},"end":{"line":77,"column":6}},"15":{"start":{"line":75,"column":41},"end":{"line":77,"column":4}},"16":{"start":{"line":87,"column":29},"end":{"line":101,"column":1}},"17":{"start":{"line":88,"column":2},"end":{"line":88,"column":62}},"18":{"start":{"line":91,"column":17},"end":{"line":91,"column":48}},"19":{"start":{"line":93,"column":2},"end":{"line":100,"column":7}},"20":{"start":{"line":109,"column":36},"end":{"line":116,"column":1}},"21":{"start":{"line":110,"column":27},"end":{"line":110,"column":65}},"22":{"start":{"line":112,"column":2},"end":{"line":115,"column":6}},"23":{"start":{"line":112,"column":41},"end":{"line":115,"column":4}}},"fnMap":{"0":{"name":"(anonymous_0)","decl":{"start":{"line":9,"column":18},"end":{"line":9,"column":19}},"loc":{"start":{"line":9,"column":34},"end":{"line":19,"column":1}},"line":9},"1":{"name":"(anonymous_1)","decl":{"start":{"line":16,"column":10},"end":{"line":16,"column":11}},"loc":{"start":{"line":16,"column":20},"end":{"line":18,"column":5}},"line":16},"2":{"name":"(anonymous_2)","decl":{"start":{"line":28,"column":20},"end":{"line":28,"column":21}},"loc":{"start":{"line":28,"column":77},"end":{"line":45,"column":1}},"line":28},"3":{"name":"(anonymous_3)","decl":{"start":{"line":53,"column":23},"end":{"line":53,"column":24}},"loc":{"start":{"line":53,"column":55},"end":{"line":64,"column":1}},"line":53},"4":{"name":"(anonymous_4)","decl":{"start":{"line":72,"column":31},"end":{"line":72,"column":32}},"loc":{"start":{"line":72,"column":73},"end":{"line":78,"column":1}},"line":72},"5":{"name":"(anonymous_5)","decl":{"start":{"line":75,"column":27},"end":{"line":75,"column":28}},"loc":{"start":{"line":75,"column":41},"end":{"line":77,"column":4}},"line":75},"6":{"name":"(anonymous_6)","decl":{"start":{"line":87,"column":29},"end":{"line":87,"column":30}},"loc":{"start":{"line":87,"column":72},"end":{"line":101,"column":1}},"line":87},"7":{"name":"(anonymous_7)","decl":{"start":{"line":109,"column":36},"end":{"line":109,"column":37}},"loc":{"start":{"line":109,"column":78},"end":{"line":116,"column":1}},"line":109},"8":{"name":"(anonymous_8)","decl":{"start":{"line":112,"column":27},"end":{"line":112,"column":28}},"loc":{"start":{"line":112,"column":41},"end":{"line":115,"column":4}},"line":112}},"branchMap":{},"s":{"0":0,"1":0,"2":0,"3":0,"4":0,"5":0,"6":0,"7":0,"8":0,"9":0,"10":0,"11":0,"12":0,"13":0,"14":0,"15":0,"16":0,"17":0,"18":0,"19":0,"20":0,"21":0,"22":0,"23":0},"f":{"0":0,"1":0,"2":0,"3":0,"4":0,"5":0,"6":0,"7":0,"8":0},"b":{},"hash":"55a644a4750e1bfe3a1e92d779ddef995a420520"}
,"C:\\Users\\longo\\Andrea\\developing\\projecting\\projecting-app\\src\\store\\modules\\deadlines\\getters.js": {"path":"C:\\Users\\longo\\Andrea\\developing\\projecting\\projecting-app\\src\\store\\modules\\deadlines\\getters.js","statementMap":{"0":{"start":{"line":7,"column":21},"end":{"line":7,"column":47}},"1":{"start":{"line":7,"column":32},"end":{"line":7,"column":47}},"2":{"start":{"line":15,"column":28},"end":{"line":15,"column":124}},"3":{"start":{"line":15,"column":39},"end":{"line":15,"column":124}},"4":{"start":{"line":15,"column":54},"end":{"line":15,"column":124}},"5":{"start":{"line":15,"column":91},"end":{"line":15,"column":123}}},"fnMap":{"0":{"name":"(anonymous_0)","decl":{"start":{"line":7,"column":21},"end":{"line":7,"column":22}},"loc":{"start":{"line":7,"column":32},"end":{"line":7,"column":47}},"line":7},"1":{"name":"(anonymous_1)","decl":{"start":{"line":15,"column":28},"end":{"line":15,"column":29}},"loc":{"start":{"line":15,"column":39},"end":{"line":15,"column":124}},"line":15},"2":{"name":"(anonymous_2)","decl":{"start":{"line":15,"column":39},"end":{"line":15,"column":40}},"loc":{"start":{"line":15,"column":54},"end":{"line":15,"column":124}},"line":15},"3":{"name":"(anonymous_3)","decl":{"start":{"line":15,"column":77},"end":{"line":15,"column":78}},"loc":{"start":{"line":15,"column":91},"end":{"line":15,"column":123}},"line":15}},"branchMap":{},"s":{"0":0,"1":0,"2":0,"3":0,"4":0,"5":0},"f":{"0":0,"1":0,"2":0,"3":0},"b":{},"hash":"e309dbc1aef951b2e48ae8c4750c9cb831036382"}
,"C:\\Users\\longo\\Andrea\\developing\\projecting\\projecting-app\\src\\store\\modules\\deadlines\\index.js": {"path":"C:\\Users\\longo\\Andrea\\developing\\projecting\\projecting-app\\src\\store\\modules\\deadlines\\index.js","statementMap":{"0":{"start":{"line":5,"column":14},"end":{"line":7,"column":1}}},"fnMap":{},"branchMap":{},"s":{"0":0},"f":{},"b":{},"hash":"e921edbfbb64cd5e1174b81d1ec899fb85791f46"}
,"C:\\Users\\longo\\Andrea\\developing\\projecting\\projecting-app\\src\\store\\modules\\deadlines\\mutations.js": {"path":"C:\\Users\\longo\\Andrea\\developing\\projecting\\projecting-app\\src\\store\\modules\\deadlines\\mutations.js","statementMap":{"0":{"start":{"line":9,"column":19},"end":{"line":15,"column":1}},"1":{"start":{"line":10,"column":2},"end":{"line":14,"column":3}},"2":{"start":{"line":11,"column":4},"end":{"line":11,"column":58}},"3":{"start":{"line":13,"column":4},"end":{"line":13,"column":25}},"4":{"start":{"line":24,"column":21},"end":{"line":31,"column":1}},"5":{"start":{"line":25,"column":2},"end":{"line":30,"column":5}},"6":{"start":{"line":39,"column":24},"end":{"line":43,"column":1}},"7":{"start":{"line":40,"column":24},"end":{"line":40,"column":91}},"8":{"start":{"line":40,"column":64},"end":{"line":40,"column":90}},"9":{"start":{"line":42,"column":2},"end":{"line":42,"column":43}},"10":{"start":{"line":52,"column":31},"end":{"line":56,"column":1}},"11":{"start":{"line":53,"column":24},"end":{"line":53,"column":91}},"12":{"start":{"line":53,"column":64},"end":{"line":53,"column":90}},"13":{"start":{"line":55,"column":2},"end":{"line":55,"column":66}}},"fnMap":{"0":{"name":"(anonymous_0)","decl":{"start":{"line":9,"column":19},"end":{"line":9,"column":20}},"loc":{"start":{"line":9,"column":36},"end":{"line":15,"column":1}},"line":9},"1":{"name":"(anonymous_1)","decl":{"start":{"line":24,"column":21},"end":{"line":24,"column":22}},"loc":{"start":{"line":24,"column":73},"end":{"line":31,"column":1}},"line":24},"2":{"name":"(anonymous_2)","decl":{"start":{"line":39,"column":24},"end":{"line":39,"column":25}},"loc":{"start":{"line":39,"column":51},"end":{"line":43,"column":1}},"line":39},"3":{"name":"(anonymous_3)","decl":{"start":{"line":40,"column":50},"end":{"line":40,"column":51}},"loc":{"start":{"line":40,"column":64},"end":{"line":40,"column":90}},"line":40},"4":{"name":"(anonymous_4)","decl":{"start":{"line":52,"column":31},"end":{"line":52,"column":32}},"loc":{"start":{"line":52,"column":69},"end":{"line":56,"column":1}},"line":52},"5":{"name":"(anonymous_5)","decl":{"start":{"line":53,"column":50},"end":{"line":53,"column":51}},"loc":{"start":{"line":53,"column":64},"end":{"line":53,"column":90}},"line":53}},"branchMap":{"0":{"loc":{"start":{"line":10,"column":2},"end":{"line":14,"column":3}},"type":"if","locations":[{"start":{"line":10,"column":2},"end":{"line":14,"column":3}},{"start":{"line":10,"column":2},"end":{"line":14,"column":3}}],"line":10},"1":{"loc":{"start":{"line":10,"column":6},"end":{"line":10,"column":40}},"type":"binary-expr","locations":[{"start":{"line":10,"column":6},"end":{"line":10,"column":16}},{"start":{"line":10,"column":20},"end":{"line":10,"column":40}}],"line":10}},"s":{"0":0,"1":0,"2":0,"3":0,"4":0,"5":0,"6":0,"7":0,"8":0,"9":0,"10":0,"11":0,"12":0,"13":0},"f":{"0":0,"1":0,"2":0,"3":0,"4":0,"5":0},"b":{"0":[0,0],"1":[0,0]},"hash":"d7816eb300f0e1d85fefcd360fb203db3d41b40a"}
,"C:\\Users\\longo\\Andrea\\developing\\projecting\\projecting-app\\src\\store\\modules\\projects\\actions.js": {"path":"C:\\Users\\longo\\Andrea\\developing\\projecting\\projecting-app\\src\\store\\modules\\projects\\actions.js","statementMap":{"0":{"start":{"line":9,"column":18},"end":{"line":19,"column":1}},"1":{"start":{"line":10,"column":17},"end":{"line":10,"column":48}},"2":{"start":{"line":12,"column":2},"end":{"line":18,"column":7}},"3":{"start":{"line":17,"column":6},"end":{"line":17,"column":33}},"4":{"start":{"line":28,"column":19},"end":{"line":45,"column":1}},"5":{"start":{"line":30,"column":2},"end":{"line":30,"column":72}},"6":{"start":{"line":33,"column":17},"end":{"line":33,"column":48}},"7":{"start":{"line":35,"column":2},"end":{"line":44,"column":7}},"8":{"start":{"line":54,"column":27},"end":{"line":67,"column":1}},"9":{"start":{"line":55,"column":2},"end":{"line":55,"column":67}},"10":{"start":{"line":58,"column":17},"end":{"line":58,"column":48}},"11":{"start":{"line":60,"column":2},"end":{"line":66,"column":7}},"12":{"start":{"line":76,"column":23},"end":{"line":88,"column":1}},"13":{"start":{"line":77,"column":2},"end":{"line":77,"column":57}},"14":{"start":{"line":80,"column":17},"end":{"line":80,"column":48}},"15":{"start":{"line":82,"column":2},"end":{"line":87,"column":7}},"16":{"start":{"line":97,"column":30},"end":{"line":109,"column":1}},"17":{"start":{"line":98,"column":2},"end":{"line":98,"column":71}},"18":{"start":{"line":101,"column":17},"end":{"line":101,"column":48}},"19":{"start":{"line":103,"column":2},"end":{"line":108,"column":7}},"20":{"start":{"line":117,"column":22},"end":{"line":127,"column":1}},"21":{"start":{"line":118,"column":2},"end":{"line":118,"column":42}},"22":{"start":{"line":121,"column":17},"end":{"line":121,"column":48}},"23":{"start":{"line":123,"column":2},"end":{"line":126,"column":14}}},"fnMap":{"0":{"name":"(anonymous_0)","decl":{"start":{"line":9,"column":18},"end":{"line":9,"column":19}},"loc":{"start":{"line":9,"column":34},"end":{"line":19,"column":1}},"line":9},"1":{"name":"(anonymous_1)","decl":{"start":{"line":16,"column":10},"end":{"line":16,"column":11}},"loc":{"start":{"line":16,"column":20},"end":{"line":18,"column":5}},"line":16},"2":{"name":"(anonymous_2)","decl":{"start":{"line":28,"column":19},"end":{"line":28,"column":20}},"loc":{"start":{"line":28,"column":83},"end":{"line":45,"column":1}},"line":28},"3":{"name":"(anonymous_3)","decl":{"start":{"line":54,"column":27},"end":{"line":54,"column":28}},"loc":{"start":{"line":54,"column":69},"end":{"line":67,"column":1}},"line":54},"4":{"name":"(anonymous_4)","decl":{"start":{"line":76,"column":23},"end":{"line":76,"column":24}},"loc":{"start":{"line":76,"column":67},"end":{"line":88,"column":1}},"line":76},"5":{"name":"(anonymous_5)","decl":{"start":{"line":97,"column":30},"end":{"line":97,"column":31}},"loc":{"start":{"line":97,"column":81},"end":{"line":109,"column":1}},"line":97},"6":{"name":"(anonymous_6)","decl":{"start":{"line":117,"column":22},"end":{"line":117,"column":23}},"loc":{"start":{"line":117,"column":53},"end":{"line":127,"column":1}},"line":117}},"branchMap":{},"s":{"0":0,"1":0,"2":0,"3":0,"4":0,"5":0,"6":0,"7":0,"8":0,"9":0,"10":0,"11":0,"12":0,"13":0,"14":0,"15":0,"16":0,"17":0,"18":0,"19":0,"20":0,"21":0,"22":0,"23":0},"f":{"0":0,"1":0,"2":0,"3":0,"4":0,"5":0,"6":0},"b":{},"hash":"d6a4ec39a4dc2e8594c44d757329097b5a877787"}
,"C:\\Users\\longo\\Andrea\\developing\\projecting\\projecting-app\\src\\store\\modules\\projects\\getters.js": {"path":"C:\\Users\\longo\\Andrea\\developing\\projecting\\projecting-app\\src\\store\\modules\\projects\\getters.js","statementMap":{"0":{"start":{"line":7,"column":20},"end":{"line":7,"column":45}},"1":{"start":{"line":7,"column":31},"end":{"line":7,"column":45}},"2":{"start":{"line":16,"column":19},"end":{"line":16,"column":89}},"3":{"start":{"line":16,"column":30},"end":{"line":16,"column":89}},"4":{"start":{"line":16,"column":38},"end":{"line":16,"column":89}},"5":{"start":{"line":16,"column":71},"end":{"line":16,"column":88}}},"fnMap":{"0":{"name":"(anonymous_0)","decl":{"start":{"line":7,"column":20},"end":{"line":7,"column":21}},"loc":{"start":{"line":7,"column":31},"end":{"line":7,"column":45}},"line":7},"1":{"name":"(anonymous_1)","decl":{"start":{"line":16,"column":19},"end":{"line":16,"column":20}},"loc":{"start":{"line":16,"column":30},"end":{"line":16,"column":89}},"line":16},"2":{"name":"(anonymous_2)","decl":{"start":{"line":16,"column":30},"end":{"line":16,"column":31}},"loc":{"start":{"line":16,"column":38},"end":{"line":16,"column":89}},"line":16},"3":{"name":"(anonymous_3)","decl":{"start":{"line":16,"column":58},"end":{"line":16,"column":59}},"loc":{"start":{"line":16,"column":71},"end":{"line":16,"column":88}},"line":16}},"branchMap":{},"s":{"0":0,"1":0,"2":0,"3":0,"4":0,"5":0},"f":{"0":0,"1":0,"2":0,"3":0},"b":{},"hash":"78813dca493be079ee278de8ab68e6042caa58d2"}
,"C:\\Users\\longo\\Andrea\\developing\\projecting\\projecting-app\\src\\store\\modules\\projects\\index.js": {"path":"C:\\Users\\longo\\Andrea\\developing\\projecting\\projecting-app\\src\\store\\modules\\projects\\index.js","statementMap":{"0":{"start":{"line":5,"column":14},"end":{"line":7,"column":1}}},"fnMap":{},"branchMap":{},"s":{"0":0},"f":{},"b":{},"hash":"6ee0eb0a1acf312ad7804de8353931891d2d86e2"}
,"C:\\Users\\longo\\Andrea\\developing\\projecting\\projecting-app\\src\\store\\modules\\projects\\mutations.js": {"path":"C:\\Users\\longo\\Andrea\\developing\\projecting\\projecting-app\\src\\store\\modules\\projects\\mutations.js","statementMap":{"0":{"start":{"line":9,"column":19},"end":{"line":15,"column":1}},"1":{"start":{"line":10,"column":2},"end":{"line":14,"column":3}},"2":{"start":{"line":11,"column":4},"end":{"line":11,"column":56}},"3":{"start":{"line":13,"column":4},"end":{"line":13,"column":24}},"4":{"start":{"line":25,"column":20},"end":{"line":32,"column":1}},"5":{"start":{"line":26,"column":2},"end":{"line":31,"column":5}},"6":{"start":{"line":41,"column":37},"end":{"line":45,"column":1}},"7":{"start":{"line":42,"column":23},"end":{"line":42,"column":86}},"8":{"start":{"line":42,"column":61},"end":{"line":42,"column":85}},"9":{"start":{"line":44,"column":2},"end":{"line":44,"column":64}},"10":{"start":{"line":54,"column":25},"end":{"line":58,"column":1}},"11":{"start":{"line":55,"column":23},"end":{"line":55,"column":86}},"12":{"start":{"line":55,"column":61},"end":{"line":55,"column":85}},"13":{"start":{"line":57,"column":2},"end":{"line":57,"column":61}},"14":{"start":{"line":67,"column":32},"end":{"line":71,"column":1}},"15":{"start":{"line":68,"column":23},"end":{"line":68,"column":86}},"16":{"start":{"line":68,"column":61},"end":{"line":68,"column":85}},"17":{"start":{"line":70,"column":2},"end":{"line":70,"column":75}},"18":{"start":{"line":79,"column":23},"end":{"line":83,"column":1}},"19":{"start":{"line":80,"column":23},"end":{"line":80,"column":86}},"20":{"start":{"line":80,"column":61},"end":{"line":80,"column":85}},"21":{"start":{"line":82,"column":2},"end":{"line":82,"column":41}}},"fnMap":{"0":{"name":"(anonymous_0)","decl":{"start":{"line":9,"column":19},"end":{"line":9,"column":20}},"loc":{"start":{"line":9,"column":36},"end":{"line":15,"column":1}},"line":9},"1":{"name":"(anonymous_1)","decl":{"start":{"line":25,"column":20},"end":{"line":25,"column":21}},"loc":{"start":{"line":25,"column":79},"end":{"line":32,"column":1}},"line":25},"2":{"name":"(anonymous_2)","decl":{"start":{"line":41,"column":37},"end":{"line":41,"column":38}},"loc":{"start":{"line":41,"column":74},"end":{"line":45,"column":1}},"line":41},"3":{"name":"(anonymous_3)","decl":{"start":{"line":42,"column":48},"end":{"line":42,"column":49}},"loc":{"start":{"line":42,"column":61},"end":{"line":42,"column":85}},"line":42},"4":{"name":"(anonymous_4)","decl":{"start":{"line":54,"column":25},"end":{"line":54,"column":26}},"loc":{"start":{"line":54,"column":64},"end":{"line":58,"column":1}},"line":54},"5":{"name":"(anonymous_5)","decl":{"start":{"line":55,"column":48},"end":{"line":55,"column":49}},"loc":{"start":{"line":55,"column":61},"end":{"line":55,"column":85}},"line":55},"6":{"name":"(anonymous_6)","decl":{"start":{"line":67,"column":32},"end":{"line":67,"column":33}},"loc":{"start":{"line":67,"column":78},"end":{"line":71,"column":1}},"line":67},"7":{"name":"(anonymous_7)","decl":{"start":{"line":68,"column":48},"end":{"line":68,"column":49}},"loc":{"start":{"line":68,"column":61},"end":{"line":68,"column":85}},"line":68},"8":{"name":"(anonymous_8)","decl":{"start":{"line":79,"column":23},"end":{"line":79,"column":24}},"loc":{"start":{"line":79,"column":49},"end":{"line":83,"column":1}},"line":79},"9":{"name":"(anonymous_9)","decl":{"start":{"line":80,"column":48},"end":{"line":80,"column":49}},"loc":{"start":{"line":80,"column":61},"end":{"line":80,"column":85}},"line":80}},"branchMap":{"0":{"loc":{"start":{"line":10,"column":2},"end":{"line":14,"column":3}},"type":"if","locations":[{"start":{"line":10,"column":2},"end":{"line":14,"column":3}},{"start":{"line":10,"column":2},"end":{"line":14,"column":3}}],"line":10},"1":{"loc":{"start":{"line":10,"column":6},"end":{"line":10,"column":39}},"type":"binary-expr","locations":[{"start":{"line":10,"column":6},"end":{"line":10,"column":16}},{"start":{"line":10,"column":20},"end":{"line":10,"column":39}}],"line":10}},"s":{"0":0,"1":0,"2":0,"3":0,"4":0,"5":0,"6":0,"7":0,"8":0,"9":0,"10":0,"11":0,"12":0,"13":0,"14":0,"15":0,"16":0,"17":0,"18":0,"19":0,"20":0,"21":0},"f":{"0":0,"1":0,"2":0,"3":0,"4":0,"5":0,"6":0,"7":0,"8":0,"9":0},"b":{"0":[0,0],"1":[0,0]},"hash":"cf064ce5c9d67a59701e2776071746655836094e"}
,"C:\\Users\\longo\\Andrea\\developing\\projecting\\projecting-app\\src\\store\\modules\\settings\\actions.js": {"path":"C:\\Users\\longo\\Andrea\\developing\\projecting\\projecting-app\\src\\store\\modules\\settings\\actions.js","statementMap":{"0":{"start":{"line":10,"column":23},"end":{"line":12,"column":1}},"1":{"start":{"line":11,"column":2},"end":{"line":11,"column":38}},"2":{"start":{"line":21,"column":27},"end":{"line":35,"column":2}},"3":{"start":{"line":21,"column":43},"end":{"line":35,"column":2}},"4":{"start":{"line":22,"column":2},"end":{"line":34,"column":5}},"5":{"start":{"line":23,"column":4},"end":{"line":33,"column":5}},"6":{"start":{"line":25,"column":6},"end":{"line":25,"column":42}},"7":{"start":{"line":27,"column":6},"end":{"line":27,"column":23}},"8":{"start":{"line":30,"column":6},"end":{"line":30,"column":39}},"9":{"start":{"line":32,"column":6},"end":{"line":32,"column":49}},"10":{"start":{"line":43,"column":24},"end":{"line":58,"column":2}},"11":{"start":{"line":43,"column":40},"end":{"line":58,"column":2}},"12":{"start":{"line":44,"column":19},"end":{"line":44,"column":57}},"13":{"start":{"line":46,"column":2},"end":{"line":57,"column":7}},"14":{"start":{"line":51,"column":6},"end":{"line":51,"column":42}},"15":{"start":{"line":53,"column":6},"end":{"line":53,"column":16}},"16":{"start":{"line":56,"column":6},"end":{"line":56,"column":31}},"17":{"start":{"line":66,"column":15},"end":{"line":73,"column":1}},"18":{"start":{"line":67,"column":2},"end":{"line":69,"column":15}},"19":{"start":{"line":72,"column":2},"end":{"line":72,"column":35}},"20":{"start":{"line":81,"column":24},"end":{"line":81,"column":98}},"21":{"start":{"line":81,"column":30},"end":{"line":81,"column":98}}},"fnMap":{"0":{"name":"(anonymous_0)","decl":{"start":{"line":10,"column":23},"end":{"line":10,"column":24}},"loc":{"start":{"line":10,"column":48},"end":{"line":12,"column":1}},"line":10},"1":{"name":"(anonymous_1)","decl":{"start":{"line":21,"column":27},"end":{"line":21,"column":28}},"loc":{"start":{"line":21,"column":43},"end":{"line":35,"column":2}},"line":21},"2":{"name":"(anonymous_2)","decl":{"start":{"line":21,"column":55},"end":{"line":21,"column":56}},"loc":{"start":{"line":21,"column":76},"end":{"line":35,"column":1}},"line":21},"3":{"name":"(anonymous_3)","decl":{"start":{"line":22,"column":37},"end":{"line":22,"column":38}},"loc":{"start":{"line":22,"column":50},"end":{"line":34,"column":3}},"line":22},"4":{"name":"(anonymous_4)","decl":{"start":{"line":43,"column":24},"end":{"line":43,"column":25}},"loc":{"start":{"line":43,"column":40},"end":{"line":58,"column":2}},"line":43},"5":{"name":"(anonymous_5)","decl":{"start":{"line":43,"column":52},"end":{"line":43,"column":53}},"loc":{"start":{"line":43,"column":73},"end":{"line":58,"column":1}},"line":43},"6":{"name":"(anonymous_6)","decl":{"start":{"line":49,"column":10},"end":{"line":49,"column":11}},"loc":{"start":{"line":49,"column":23},"end":{"line":54,"column":5}},"line":49},"7":{"name":"(anonymous_7)","decl":{"start":{"line":55,"column":11},"end":{"line":55,"column":12}},"loc":{"start":{"line":55,"column":22},"end":{"line":57,"column":5}},"line":55},"8":{"name":"(anonymous_8)","decl":{"start":{"line":66,"column":15},"end":{"line":66,"column":16}},"loc":{"start":{"line":66,"column":31},"end":{"line":73,"column":1}},"line":66},"9":{"name":"(anonymous_9)","decl":{"start":{"line":81,"column":24},"end":{"line":81,"column":25}},"loc":{"start":{"line":81,"column":30},"end":{"line":81,"column":98}},"line":81}},"branchMap":{"0":{"loc":{"start":{"line":23,"column":4},"end":{"line":33,"column":5}},"type":"if","locations":[{"start":{"line":23,"column":4},"end":{"line":33,"column":5}},{"start":{"line":23,"column":4},"end":{"line":33,"column":5}}],"line":23}},"s":{"0":0,"1":0,"2":0,"3":0,"4":0,"5":0,"6":0,"7":0,"8":0,"9":0,"10":0,"11":0,"12":0,"13":0,"14":0,"15":0,"16":0,"17":0,"18":0,"19":0,"20":0,"21":0},"f":{"0":0,"1":0,"2":0,"3":0,"4":0,"5":0,"6":0,"7":0,"8":0,"9":0},"b":{"0":[0,0]},"hash":"6bdb06df74fd4c9c20301070ffe662fe47413a1e"}
,"C:\\Users\\longo\\Andrea\\developing\\projecting\\projecting-app\\src\\store\\modules\\settings\\getters.js": {"path":"C:\\Users\\longo\\Andrea\\developing\\projecting\\projecting-app\\src\\store\\modules\\settings\\getters.js","statementMap":{"0":{"start":{"line":7,"column":23},"end":{"line":7,"column":52}},"1":{"start":{"line":7,"column":34},"end":{"line":7,"column":52}}},"fnMap":{"0":{"name":"(anonymous_0)","decl":{"start":{"line":7,"column":23},"end":{"line":7,"column":24}},"loc":{"start":{"line":7,"column":34},"end":{"line":7,"column":52}},"line":7}},"branchMap":{},"s":{"0":0,"1":0},"f":{"0":0},"b":{},"hash":"a3b0593f1e63d9cb554609a14c1ae4343c5493ba"}
,"C:\\Users\\longo\\Andrea\\developing\\projecting\\projecting-app\\src\\store\\modules\\settings\\index.js": {"path":"C:\\Users\\longo\\Andrea\\developing\\projecting\\projecting-app\\src\\store\\modules\\settings\\index.js","statementMap":{"0":{"start":{"line":5,"column":14},"end":{"line":9,"column":1}}},"fnMap":{},"branchMap":{},"s":{"0":0},"f":{},"b":{},"hash":"16c6579273686c95c9de4d563806af746f91db47"}
,"C:\\Users\\longo\\Andrea\\developing\\projecting\\projecting-app\\src\\store\\modules\\settings\\mutations.js": {"path":"C:\\Users\\longo\\Andrea\\developing\\projecting\\projecting-app\\src\\store\\modules\\settings\\mutations.js","statementMap":{"0":{"start":{"line":7,"column":25},"end":{"line":9,"column":1}},"1":{"start":{"line":8,"column":2},"end":{"line":8,"column":31}}},"fnMap":{"0":{"name":"(anonymous_0)","decl":{"start":{"line":7,"column":25},"end":{"line":7,"column":26}},"loc":{"start":{"line":7,"column":45},"end":{"line":9,"column":1}},"line":7}},"branchMap":{},"s":{"0":0,"1":0},"f":{"0":0},"b":{},"hash":"7e6dcfe2727024cde3f835c492a7454b1e1921ec"}
,"C:\\Users\\longo\\Andrea\\developing\\projecting\\projecting-app\\src\\store\\modules\\tasks\\actions.js": {"path":"C:\\Users\\longo\\Andrea\\developing\\projecting\\projecting-app\\src\\store\\modules\\tasks\\actions.js","statementMap":{"0":{"start":{"line":9,"column":18},"end":{"line":19,"column":1}},"1":{"start":{"line":10,"column":17},"end":{"line":10,"column":48}},"2":{"start":{"line":12,"column":2},"end":{"line":18,"column":7}},"3":{"start":{"line":17,"column":6},"end":{"line":17,"column":33}},"4":{"start":{"line":31,"column":16},"end":{"line":63,"column":1}},"5":{"start":{"line":39,"column":2},"end":{"line":45,"column":5}},"6":{"start":{"line":48,"column":17},"end":{"line":48,"column":48}},"7":{"start":{"line":50,"column":2},"end":{"line":62,"column":7}},"8":{"start":{"line":72,"column":25},"end":{"line":89,"column":1}},"9":{"start":{"line":73,"column":2},"end":{"line":73,"column":54}},"10":{"start":{"line":76,"column":17},"end":{"line":76,"column":48}},"11":{"start":{"line":78,"column":2},"end":{"line":85,"column":7}},"12":{"start":{"line":88,"column":2},"end":{"line":88,"column":61}},"13":{"start":{"line":98,"column":25},"end":{"line":112,"column":1}},"14":{"start":{"line":99,"column":2},"end":{"line":99,"column":54}},"15":{"start":{"line":102,"column":17},"end":{"line":102,"column":48}},"16":{"start":{"line":104,"column":2},"end":{"line":111,"column":7}},"17":{"start":{"line":121,"column":20},"end":{"line":135,"column":1}},"18":{"start":{"line":122,"column":2},"end":{"line":122,"column":48}},"19":{"start":{"line":125,"column":17},"end":{"line":125,"column":48}},"20":{"start":{"line":127,"column":2},"end":{"line":134,"column":7}},"21":{"start":{"line":144,"column":27},"end":{"line":158,"column":1}},"22":{"start":{"line":145,"column":2},"end":{"line":145,"column":62}},"23":{"start":{"line":148,"column":17},"end":{"line":148,"column":48}},"24":{"start":{"line":150,"column":2},"end":{"line":157,"column":7}},"25":{"start":{"line":166,"column":19},"end":{"line":177,"column":1}},"26":{"start":{"line":167,"column":2},"end":{"line":167,"column":36}},"27":{"start":{"line":170,"column":17},"end":{"line":170,"column":48}},"28":{"start":{"line":172,"column":2},"end":{"line":176,"column":14}},"29":{"start":{"line":185,"column":27},"end":{"line":191,"column":1}},"30":{"start":{"line":186,"column":23},"end":{"line":186,"column":57}},"31":{"start":{"line":188,"column":2},"end":{"line":190,"column":6}},"32":{"start":{"line":188,"column":33},"end":{"line":190,"column":4}},"33":{"start":{"line":199,"column":32},"end":{"line":206,"column":1}},"34":{"start":{"line":200,"column":23},"end":{"line":200,"column":57}},"35":{"start":{"line":202,"column":2},"end":{"line":205,"column":6}},"36":{"start":{"line":202,"column":33},"end":{"line":205,"column":4}}},"fnMap":{"0":{"name":"(anonymous_0)","decl":{"start":{"line":9,"column":18},"end":{"line":9,"column":19}},"loc":{"start":{"line":9,"column":34},"end":{"line":19,"column":1}},"line":9},"1":{"name":"(anonymous_1)","decl":{"start":{"line":16,"column":10},"end":{"line":16,"column":11}},"loc":{"start":{"line":16,"column":20},"end":{"line":18,"column":5}},"line":16},"2":{"name":"(anonymous_2)","decl":{"start":{"line":31,"column":16},"end":{"line":31,"column":17}},"loc":{"start":{"line":37,"column":6},"end":{"line":63,"column":1}},"line":37},"3":{"name":"(anonymous_3)","decl":{"start":{"line":72,"column":25},"end":{"line":72,"column":26}},"loc":{"start":{"line":72,"column":74},"end":{"line":89,"column":1}},"line":72},"4":{"name":"(anonymous_4)","decl":{"start":{"line":98,"column":25},"end":{"line":98,"column":26}},"loc":{"start":{"line":98,"column":64},"end":{"line":112,"column":1}},"line":98},"5":{"name":"(anonymous_5)","decl":{"start":{"line":121,"column":20},"end":{"line":121,"column":21}},"loc":{"start":{"line":121,"column":58},"end":{"line":135,"column":1}},"line":121},"6":{"name":"(anonymous_6)","decl":{"start":{"line":144,"column":27},"end":{"line":144,"column":28}},"loc":{"start":{"line":144,"column":72},"end":{"line":158,"column":1}},"line":144},"7":{"name":"(anonymous_7)","decl":{"start":{"line":166,"column":19},"end":{"line":166,"column":20}},"loc":{"start":{"line":166,"column":47},"end":{"line":177,"column":1}},"line":166},"8":{"name":"(anonymous_8)","decl":{"start":{"line":185,"column":27},"end":{"line":185,"column":28}},"loc":{"start":{"line":185,"column":69},"end":{"line":191,"column":1}},"line":185},"9":{"name":"(anonymous_9)","decl":{"start":{"line":188,"column":23},"end":{"line":188,"column":24}},"loc":{"start":{"line":188,"column":33},"end":{"line":190,"column":4}},"line":188},"10":{"name":"(anonymous_10)","decl":{"start":{"line":199,"column":32},"end":{"line":199,"column":33}},"loc":{"start":{"line":199,"column":74},"end":{"line":206,"column":1}},"line":199},"11":{"name":"(anonymous_11)","decl":{"start":{"line":202,"column":23},"end":{"line":202,"column":24}},"loc":{"start":{"line":202,"column":33},"end":{"line":205,"column":4}},"line":202}},"branchMap":{},"s":{"0":0,"1":0,"2":0,"3":0,"4":0,"5":0,"6":0,"7":0,"8":0,"9":0,"10":0,"11":0,"12":0,"13":0,"14":0,"15":0,"16":0,"17":0,"18":0,"19":0,"20":0,"21":0,"22":0,"23":0,"24":0,"25":0,"26":0,"27":0,"28":0,"29":0,"30":0,"31":0,"32":0,"33":0,"34":0,"35":0,"36":0},"f":{"0":0,"1":0,"2":0,"3":0,"4":0,"5":0,"6":0,"7":0,"8":0,"9":0,"10":0,"11":0},"b":{},"hash":"b31080c882adb4876f1ade4c75c40fb45f179de6"}
,"C:\\Users\\longo\\Andrea\\developing\\projecting\\projecting-app\\src\\store\\modules\\tasks\\getters.js": {"path":"C:\\Users\\longo\\Andrea\\developing\\projecting\\projecting-app\\src\\store\\modules\\tasks\\getters.js","statementMap":{"0":{"start":{"line":7,"column":17},"end":{"line":7,"column":39}},"1":{"start":{"line":7,"column":28},"end":{"line":7,"column":39}},"2":{"start":{"line":15,"column":24},"end":{"line":15,"column":108}},"3":{"start":{"line":15,"column":35},"end":{"line":15,"column":108}},"4":{"start":{"line":15,"column":50},"end":{"line":15,"column":108}},"5":{"start":{"line":15,"column":79},"end":{"line":15,"column":107}},"6":{"start":{"line":23,"column":25},"end":{"line":23,"column":112}},"7":{"start":{"line":23,"column":36},"end":{"line":23,"column":112}},"8":{"start":{"line":23,"column":52},"end":{"line":23,"column":112}},"9":{"start":{"line":23,"column":81},"end":{"line":23,"column":111}}},"fnMap":{"0":{"name":"(anonymous_0)","decl":{"start":{"line":7,"column":17},"end":{"line":7,"column":18}},"loc":{"start":{"line":7,"column":28},"end":{"line":7,"column":39}},"line":7},"1":{"name":"(anonymous_1)","decl":{"start":{"line":15,"column":24},"end":{"line":15,"column":25}},"loc":{"start":{"line":15,"column":35},"end":{"line":15,"column":108}},"line":15},"2":{"name":"(anonymous_2)","decl":{"start":{"line":15,"column":35},"end":{"line":15,"column":36}},"loc":{"start":{"line":15,"column":50},"end":{"line":15,"column":108}},"line":15},"3":{"name":"(anonymous_3)","decl":{"start":{"line":15,"column":69},"end":{"line":15,"column":70}},"loc":{"start":{"line":15,"column":79},"end":{"line":15,"column":107}},"line":15},"4":{"name":"(anonymous_4)","decl":{"start":{"line":23,"column":25},"end":{"line":23,"column":26}},"loc":{"start":{"line":23,"column":36},"end":{"line":23,"column":112}},"line":23},"5":{"name":"(anonymous_5)","decl":{"start":{"line":23,"column":36},"end":{"line":23,"column":37}},"loc":{"start":{"line":23,"column":52},"end":{"line":23,"column":112}},"line":23},"6":{"name":"(anonymous_6)","decl":{"start":{"line":23,"column":71},"end":{"line":23,"column":72}},"loc":{"start":{"line":23,"column":81},"end":{"line":23,"column":111}},"line":23}},"branchMap":{},"s":{"0":0,"1":0,"2":0,"3":0,"4":0,"5":0,"6":0,"7":0,"8":0,"9":0},"f":{"0":0,"1":0,"2":0,"3":0,"4":0,"5":0,"6":0},"b":{},"hash":"5934a27a09a6871809f4acb5f224e79feacb722a"}
,"C:\\Users\\longo\\Andrea\\developing\\projecting\\projecting-app\\src\\store\\modules\\tasks\\index.js": {"path":"C:\\Users\\longo\\Andrea\\developing\\projecting\\projecting-app\\src\\store\\modules\\tasks\\index.js","statementMap":{"0":{"start":{"line":5,"column":14},"end":{"line":7,"column":1}}},"fnMap":{},"branchMap":{},"s":{"0":0},"f":{},"b":{},"hash":"acda7deb696d6a80455047bbabcf257d35bf309a"}
,"C:\\Users\\longo\\Andrea\\developing\\projecting\\projecting-app\\src\\store\\modules\\tasks\\mutations.js": {"path":"C:\\Users\\longo\\Andrea\\developing\\projecting\\projecting-app\\src\\store\\modules\\tasks\\mutations.js","statementMap":{"0":{"start":{"line":9,"column":19},"end":{"line":15,"column":1}},"1":{"start":{"line":10,"column":2},"end":{"line":14,"column":3}},"2":{"start":{"line":11,"column":4},"end":{"line":11,"column":50}},"3":{"start":{"line":13,"column":4},"end":{"line":13,"column":21}},"4":{"start":{"line":27,"column":17},"end":{"line":43,"column":1}},"5":{"start":{"line":34,"column":2},"end":{"line":42,"column":5}},"6":{"start":{"line":52,"column":27},"end":{"line":56,"column":1}},"7":{"start":{"line":53,"column":20},"end":{"line":53,"column":71}},"8":{"start":{"line":53,"column":52},"end":{"line":53,"column":70}},"9":{"start":{"line":55,"column":2},"end":{"line":55,"column":58}},"10":{"start":{"line":65,"column":27},"end":{"line":69,"column":1}},"11":{"start":{"line":66,"column":20},"end":{"line":66,"column":71}},"12":{"start":{"line":66,"column":52},"end":{"line":66,"column":70}},"13":{"start":{"line":68,"column":2},"end":{"line":68,"column":58}},"14":{"start":{"line":78,"column":22},"end":{"line":82,"column":1}},"15":{"start":{"line":79,"column":20},"end":{"line":79,"column":71}},"16":{"start":{"line":79,"column":52},"end":{"line":79,"column":70}},"17":{"start":{"line":81,"column":2},"end":{"line":81,"column":52}},"18":{"start":{"line":91,"column":29},"end":{"line":95,"column":1}},"19":{"start":{"line":92,"column":20},"end":{"line":92,"column":71}},"20":{"start":{"line":92,"column":52},"end":{"line":92,"column":70}},"21":{"start":{"line":94,"column":2},"end":{"line":94,"column":66}},"22":{"start":{"line":103,"column":20},"end":{"line":107,"column":1}},"23":{"start":{"line":104,"column":20},"end":{"line":104,"column":71}},"24":{"start":{"line":104,"column":52},"end":{"line":104,"column":70}},"25":{"start":{"line":106,"column":2},"end":{"line":106,"column":35}}},"fnMap":{"0":{"name":"(anonymous_0)","decl":{"start":{"line":9,"column":19},"end":{"line":9,"column":20}},"loc":{"start":{"line":9,"column":36},"end":{"line":15,"column":1}},"line":9},"1":{"name":"(anonymous_1)","decl":{"start":{"line":27,"column":17},"end":{"line":27,"column":18}},"loc":{"start":{"line":33,"column":6},"end":{"line":43,"column":1}},"line":33},"2":{"name":"(anonymous_2)","decl":{"start":{"line":52,"column":27},"end":{"line":52,"column":28}},"loc":{"start":{"line":52,"column":61},"end":{"line":56,"column":1}},"line":52},"3":{"name":"(anonymous_3)","decl":{"start":{"line":53,"column":42},"end":{"line":53,"column":43}},"loc":{"start":{"line":53,"column":52},"end":{"line":53,"column":70}},"line":53},"4":{"name":"(anonymous_4)","decl":{"start":{"line":65,"column":27},"end":{"line":65,"column":28}},"loc":{"start":{"line":65,"column":61},"end":{"line":69,"column":1}},"line":65},"5":{"name":"(anonymous_5)","decl":{"start":{"line":66,"column":42},"end":{"line":66,"column":43}},"loc":{"start":{"line":66,"column":52},"end":{"line":66,"column":70}},"line":66},"6":{"name":"(anonymous_6)","decl":{"start":{"line":78,"column":22},"end":{"line":78,"column":23}},"loc":{"start":{"line":78,"column":55},"end":{"line":82,"column":1}},"line":78},"7":{"name":"(anonymous_7)","decl":{"start":{"line":79,"column":42},"end":{"line":79,"column":43}},"loc":{"start":{"line":79,"column":52},"end":{"line":79,"column":70}},"line":79},"8":{"name":"(anonymous_8)","decl":{"start":{"line":91,"column":29},"end":{"line":91,"column":30}},"loc":{"start":{"line":91,"column":69},"end":{"line":95,"column":1}},"line":91},"9":{"name":"(anonymous_9)","decl":{"start":{"line":92,"column":42},"end":{"line":92,"column":43}},"loc":{"start":{"line":92,"column":52},"end":{"line":92,"column":70}},"line":92},"10":{"name":"(anonymous_10)","decl":{"start":{"line":103,"column":20},"end":{"line":103,"column":21}},"loc":{"start":{"line":103,"column":43},"end":{"line":107,"column":1}},"line":103},"11":{"name":"(anonymous_11)","decl":{"start":{"line":104,"column":42},"end":{"line":104,"column":43}},"loc":{"start":{"line":104,"column":52},"end":{"line":104,"column":70}},"line":104}},"branchMap":{"0":{"loc":{"start":{"line":10,"column":2},"end":{"line":14,"column":3}},"type":"if","locations":[{"start":{"line":10,"column":2},"end":{"line":14,"column":3}},{"start":{"line":10,"column":2},"end":{"line":14,"column":3}}],"line":10},"1":{"loc":{"start":{"line":10,"column":6},"end":{"line":10,"column":36}},"type":"binary-expr","locations":[{"start":{"line":10,"column":6},"end":{"line":10,"column":16}},{"start":{"line":10,"column":20},"end":{"line":10,"column":36}}],"line":10}},"s":{"0":0,"1":0,"2":0,"3":0,"4":0,"5":0,"6":0,"7":0,"8":0,"9":0,"10":0,"11":0,"12":0,"13":0,"14":0,"15":0,"16":0,"17":0,"18":0,"19":0,"20":0,"21":0,"22":0,"23":0,"24":0,"25":0},"f":{"0":0,"1":0,"2":0,"3":0,"4":0,"5":0,"6":0,"7":0,"8":0,"9":0,"10":0,"11":0},"b":{"0":[0,0],"1":[0,0]},"hash":"d7a4fd6124910f929f37393666fe75a64167de67"}
,"C:\\Users\\longo\\Andrea\\developing\\projecting\\projecting-app\\src\\views\\Homepage.vue": {"path":"C:\\Users\\longo\\Andrea\\developing\\projecting\\projecting-app\\src\\views\\Homepage.vue","statementMap":{"0":{"start":{"line":10,"column":0},"end":{"line":10,"column":null}}},"fnMap":{},"branchMap":{},"s":{"0":0},"f":{},"b":{}}
,"C:\\Users\\longo\\Andrea\\developing\\projecting\\projecting-app\\src\\views\\add-project\\AddProject.vue": {"path":"C:\\Users\\longo\\Andrea\\developing\\projecting\\projecting-app\\src\\views\\add-project\\AddProject.vue","statementMap":{"0":{"start":{"line":55,"column":0},"end":{"line":55,"column":null}},"1":{"start":{"line":56,"column":0},"end":{"line":56,"column":null}},"2":{"start":{"line":65,"column":0},"end":{"line":65,"column":null}},"3":{"start":{"line":73,"column":0},"end":{"line":95,"column":null}},"4":{"start":{"line":76,"column":0},"end":{"line":76,"column":null}},"5":{"start":{"line":78,"column":0},"end":{"line":78,"column":null}},"6":{"start":{"line":84,"column":0},"end":{"line":92,"column":null}},"7":{"start":{"line":85,"column":0},"end":{"line":85,"column":null}},"8":{"start":{"line":87,"column":0},"end":{"line":87,"column":null}},"9":{"start":{"line":94,"column":0},"end":{"line":94,"column":null}},"10":{"start":{"line":98,"column":0},"end":{"line":98,"column":null}},"11":{"start":{"line":104,"column":0},"end":{"line":104,"column":null}},"12":{"start":{"line":107,"column":0},"end":{"line":107,"column":null}},"13":{"start":{"line":110,"column":0},"end":{"line":110,"column":null}},"14":{"start":{"line":113,"column":0},"end":{"line":113,"column":null}},"15":{"start":{"line":114,"column":0},"end":{"line":114,"column":null}},"16":{"start":{"line":115,"column":0},"end":{"line":115,"column":null}},"17":{"start":{"line":117,"column":0},"end":{"line":117,"column":null}},"18":{"start":{"line":120,"column":0},"end":{"line":120,"column":null}}},"fnMap":{"0":{"name":"(anonymous_1)","decl":{"start":{"line":64,"column":0},"end":{"line":64,"column":null}},"loc":{"start":{"line":64,"column":0},"end":{"line":70,"column":null}}},"1":{"name":"(anonymous_2)","decl":{"start":{"line":72,"column":0},"end":{"line":72,"column":null}},"loc":{"start":{"line":72,"column":0},"end":{"line":96,"column":null}}},"2":{"name":"(anonymous_3)","decl":{"start":{"line":84,"column":0},"end":{"line":84,"column":null}},"loc":{"start":{"line":84,"column":0},"end":{"line":92,"column":null}}},"3":{"name":"(anonymous_4)","decl":{"start":{"line":97,"column":0},"end":{"line":97,"column":null}},"loc":{"start":{"line":97,"column":0},"end":{"line":108,"column":null}}},"4":{"name":"(anonymous_5)","decl":{"start":{"line":107,"column":0},"end":{"line":107,"column":null}},"loc":{"start":{"line":107,"column":0},"end":{"line":107,"column":null}}},"5":{"name":"(anonymous_6)","decl":{"start":{"line":109,"column":0},"end":{"line":109,"column":null}},"loc":{"start":{"line":109,"column":0},"end":{"line":111,"column":null}}},"6":{"name":"(anonymous_7)","decl":{"start":{"line":110,"column":0},"end":{"line":110,"column":null}},"loc":{"start":{"line":110,"column":0},"end":{"line":110,"column":null}}},"7":{"name":"(anonymous_8)","decl":{"start":{"line":112,"column":0},"end":{"line":112,"column":null}},"loc":{"start":{"line":112,"column":0},"end":{"line":121,"column":null}}}},"branchMap":{"0":{"loc":{"start":{"line":73,"column":0},"end":{"line":95,"column":null}},"type":"if","locations":[{"start":{"line":73,"column":0},"end":{"line":95,"column":null}},{"start":{"line":73,"column":0},"end":{"line":95,"column":null}}]},"1":{"loc":{"start":{"line":73,"column":0},"end":{"line":73,"column":null}},"type":"binary-expr","locations":[{"start":{"line":73,"column":0},"end":{"line":73,"column":null}},{"start":{"line":73,"column":0},"end":{"line":73,"column":null}}]}},"s":{"0":0,"1":0,"2":0,"3":0,"4":0,"5":0,"6":0,"7":0,"8":0,"9":0,"10":0,"11":0,"12":0,"13":0,"14":0,"15":0,"16":0,"17":0,"18":0},"f":{"0":0,"1":0,"2":0,"3":0,"4":0,"5":0,"6":0,"7":0},"b":{"0":[0,0],"1":[0,0]}}
,"C:\\Users\\longo\\Andrea\\developing\\projecting\\projecting-app\\src\\views\\add-project\\index.js": {"path":"C:\\Users\\longo\\Andrea\\developing\\projecting\\projecting-app\\src\\views\\add-project\\index.js","statementMap":{},"fnMap":{},"branchMap":{},"s":{},"f":{},"b":{},"hash":"dbb84b16aa082313d2fa019a1883a45923be6385"}
,"C:\\Users\\longo\\Andrea\\developing\\projecting\\projecting-app\\src\\views\\login\\Login.vue": {"path":"C:\\Users\\longo\\Andrea\\developing\\projecting\\projecting-app\\src\\views\\login\\Login.vue","statementMap":{"0":{"start":{"line":24,"column":0},"end":{"line":33,"column":null}},"1":{"start":{"line":27,"column":0},"end":{"line":27,"column":null}},"2":{"start":{"line":28,"column":0},"end":{"line":28,"column":null}},"3":{"start":{"line":29,"column":0},"end":{"line":29,"column":null}},"4":{"start":{"line":32,"column":0},"end":{"line":32,"column":null}},"5":{"start":{"line":37,"column":0},"end":{"line":46,"column":null}},"6":{"start":{"line":40,"column":0},"end":{"line":40,"column":null}},"7":{"start":{"line":41,"column":0},"end":{"line":41,"column":null}},"8":{"start":{"line":42,"column":0},"end":{"line":42,"column":null}},"9":{"start":{"line":45,"column":0},"end":{"line":45,"column":null}}},"fnMap":{"0":{"name":"(anonymous_1)","decl":{"start":{"line":23,"column":0},"end":{"line":23,"column":null}},"loc":{"start":{"line":23,"column":0},"end":{"line":34,"column":null}}},"1":{"name":"(anonymous_2)","decl":{"start":{"line":24,"column":0},"end":{"line":24,"column":null}},"loc":{"start":{"line":24,"column":0},"end":{"line":33,"column":null}}},"2":{"name":"(anonymous_3)","decl":{"start":{"line":33,"column":0},"end":{"line":33,"column":null}},"loc":{"start":{"line":33,"column":0},"end":{"line":33,"column":null}}},"3":{"name":"(anonymous_4)","decl":{"start":{"line":36,"column":0},"end":{"line":36,"column":null}},"loc":{"start":{"line":36,"column":0},"end":{"line":47,"column":null}}},"4":{"name":"(anonymous_5)","decl":{"start":{"line":37,"column":0},"end":{"line":37,"column":null}},"loc":{"start":{"line":37,"column":0},"end":{"line":46,"column":null}}},"5":{"name":"(anonymous_6)","decl":{"start":{"line":46,"column":0},"end":{"line":46,"column":null}},"loc":{"start":{"line":46,"column":0},"end":{"line":46,"column":null}}}},"branchMap":{},"s":{"0":0,"1":0,"2":0,"3":0,"4":0,"5":0,"6":0,"7":0,"8":0,"9":0},"f":{"0":0,"1":0,"2":0,"3":0,"4":0,"5":0},"b":{}}
,"C:\\Users\\longo\\Andrea\\developing\\projecting\\projecting-app\\src\\views\\login\\index.js": {"path":"C:\\Users\\longo\\Andrea\\developing\\projecting\\projecting-app\\src\\views\\login\\index.js","statementMap":{},"fnMap":{},"branchMap":{},"s":{},"f":{},"b":{},"hash":"e1ae716524bf51d128be255f8628c5a23b4f88b0"}
,"C:\\Users\\longo\\Andrea\\developing\\projecting\\projecting-app\\src\\views\\project\\Project.vue": {"path":"C:\\Users\\longo\\Andrea\\developing\\projecting\\projecting-app\\src\\views\\project\\Project.vue","statementMap":{"0":{"start":{"line":128,"column":0},"end":{"line":128,"column":null}},"1":{"start":{"line":129,"column":0},"end":{"line":129,"column":null}},"2":{"start":{"line":132,"column":0},"end":{"line":132,"column":null}},"3":{"start":{"line":133,"column":0},"end":{"line":133,"column":null}},"4":{"start":{"line":134,"column":0},"end":{"line":134,"column":null}},"5":{"start":{"line":146,"column":0},"end":{"line":146,"column":null}},"6":{"start":{"line":168,"column":0},"end":{"line":168,"column":null}},"7":{"start":{"line":171,"column":0},"end":{"line":171,"column":null}},"8":{"start":{"line":177,"column":0},"end":{"line":177,"column":null}},"9":{"start":{"line":180,"column":0},"end":{"line":180,"column":null}},"10":{"start":{"line":184,"column":0},"end":{"line":184,"column":null}},"11":{"start":{"line":185,"column":0},"end":{"line":185,"column":null}},"12":{"start":{"line":186,"column":0},"end":{"line":186,"column":null}},"13":{"start":{"line":188,"column":0},"end":{"line":188,"column":null}},"14":{"start":{"line":189,"column":0},"end":{"line":189,"column":null}},"15":{"start":{"line":190,"column":0},"end":{"line":190,"column":null}},"16":{"start":{"line":191,"column":0},"end":{"line":191,"column":null}},"17":{"start":{"line":194,"column":0},"end":{"line":194,"column":null}},"18":{"start":{"line":195,"column":0},"end":{"line":195,"column":null}},"19":{"start":{"line":200,"column":0},"end":{"line":200,"column":null}},"20":{"start":{"line":202,"column":0},"end":{"line":202,"column":null}},"21":{"start":{"line":204,"column":0},"end":{"line":204,"column":null}},"22":{"start":{"line":207,"column":0},"end":{"line":207,"column":null}},"23":{"start":{"line":210,"column":0},"end":{"line":210,"column":null}},"24":{"start":{"line":213,"column":0},"end":{"line":213,"column":null}},"25":{"start":{"line":216,"column":0},"end":{"line":216,"column":null}},"26":{"start":{"line":218,"column":0},"end":{"line":222,"column":null}},"27":{"start":{"line":219,"column":0},"end":{"line":219,"column":null}},"28":{"start":{"line":221,"column":0},"end":{"line":221,"column":null}},"29":{"start":{"line":226,"column":0},"end":{"line":226,"column":null}},"30":{"start":{"line":228,"column":0},"end":{"line":228,"column":null}},"31":{"start":{"line":236,"column":0},"end":{"line":236,"column":null}},"32":{"start":{"line":237,"column":0},"end":{"line":237,"column":null}},"33":{"start":{"line":240,"column":0},"end":{"line":240,"column":null}},"34":{"start":{"line":241,"column":0},"end":{"line":241,"column":null}},"35":{"start":{"line":242,"column":0},"end":{"line":242,"column":null}},"36":{"start":{"line":244,"column":0},"end":{"line":244,"column":null}},"37":{"start":{"line":247,"column":0},"end":{"line":247,"column":null}},"38":{"start":{"line":250,"column":0},"end":{"line":259,"column":null}},"39":{"start":{"line":252,"column":0},"end":{"line":252,"column":null}},"40":{"start":{"line":253,"column":0},"end":{"line":253,"column":null}},"41":{"start":{"line":258,"column":0},"end":{"line":258,"column":null}},"42":{"start":{"line":262,"column":0},"end":{"line":262,"column":null}},"43":{"start":{"line":263,"column":0},"end":{"line":263,"column":null}},"44":{"start":{"line":264,"column":0},"end":{"line":264,"column":null}},"45":{"start":{"line":266,"column":0},"end":{"line":266,"column":null}}},"fnMap":{"0":{"name":"(anonymous_1)","decl":{"start":{"line":145,"column":0},"end":{"line":145,"column":null}},"loc":{"start":{"line":145,"column":0},"end":{"line":165,"column":null}}},"1":{"name":"(anonymous_2)","decl":{"start":{"line":167,"column":0},"end":{"line":167,"column":null}},"loc":{"start":{"line":167,"column":0},"end":{"line":169,"column":null}}},"2":{"name":"(anonymous_3)","decl":{"start":{"line":170,"column":0},"end":{"line":170,"column":null}},"loc":{"start":{"line":170,"column":0},"end":{"line":175,"column":null}}},"3":{"name":"(anonymous_4)","decl":{"start":{"line":171,"column":0},"end":{"line":171,"column":null}},"loc":{"start":{"line":171,"column":0},"end":{"line":171,"column":null}}},"4":{"name":"(anonymous_5)","decl":{"start":{"line":176,"column":0},"end":{"line":176,"column":null}},"loc":{"start":{"line":176,"column":0},"end":{"line":178,"column":null}}},"5":{"name":"(anonymous_6)","decl":{"start":{"line":177,"column":0},"end":{"line":177,"column":null}},"loc":{"start":{"line":177,"column":0},"end":{"line":177,"column":null}}},"6":{"name":"(anonymous_7)","decl":{"start":{"line":179,"column":0},"end":{"line":179,"column":null}},"loc":{"start":{"line":179,"column":0},"end":{"line":181,"column":null}}},"7":{"name":"(anonymous_8)","decl":{"start":{"line":180,"column":0},"end":{"line":180,"column":null}},"loc":{"start":{"line":180,"column":0},"end":{"line":180,"column":null}}},"8":{"name":"(anonymous_9)","decl":{"start":{"line":183,"column":0},"end":{"line":183,"column":null}},"loc":{"start":{"line":183,"column":0},"end":{"line":196,"column":null}}},"9":{"name":"(anonymous_10)","decl":{"start":{"line":198,"column":0},"end":{"line":198,"column":null}},"loc":{"start":{"line":198,"column":0},"end":{"line":205,"column":null}}},"10":{"name":"(anonymous_11)","decl":{"start":{"line":206,"column":0},"end":{"line":206,"column":null}},"loc":{"start":{"line":206,"column":0},"end":{"line":208,"column":null}}},"11":{"name":"(anonymous_12)","decl":{"start":{"line":209,"column":0},"end":{"line":209,"column":null}},"loc":{"start":{"line":209,"column":0},"end":{"line":211,"column":null}}},"12":{"name":"(anonymous_13)","decl":{"start":{"line":212,"column":0},"end":{"line":212,"column":null}},"loc":{"start":{"line":212,"column":0},"end":{"line":214,"column":null}}},"13":{"name":"(anonymous_14)","decl":{"start":{"line":215,"column":0},"end":{"line":215,"column":null}},"loc":{"start":{"line":215,"column":0},"end":{"line":223,"column":null}}},"14":{"name":"(anonymous_15)","decl":{"start":{"line":224,"column":0},"end":{"line":224,"column":null}},"loc":{"start":{"line":224,"column":0},"end":{"line":238,"column":null}}},"15":{"name":"(anonymous_16)","decl":{"start":{"line":239,"column":0},"end":{"line":239,"column":null}},"loc":{"start":{"line":239,"column":0},"end":{"line":248,"column":null}}},"16":{"name":"(anonymous_17)","decl":{"start":{"line":249,"column":0},"end":{"line":249,"column":null}},"loc":{"start":{"line":249,"column":0},"end":{"line":260,"column":null}}},"17":{"name":"(anonymous_18)","decl":{"start":{"line":261,"column":0},"end":{"line":261,"column":null}},"loc":{"start":{"line":261,"column":0},"end":{"line":267,"column":null}}}},"branchMap":{"0":{"loc":{"start":{"line":218,"column":0},"end":{"line":222,"column":null}},"type":"if","locations":[{"start":{"line":218,"column":0},"end":{"line":222,"column":null}},{"start":{"line":218,"column":0},"end":{"line":222,"column":null}}]},"1":{"loc":{"start":{"line":250,"column":0},"end":{"line":259,"column":null}},"type":"if","locations":[{"start":{"line":250,"column":0},"end":{"line":259,"column":null}},{"start":{"line":250,"column":0},"end":{"line":259,"column":null}}]},"2":{"loc":{"start":{"line":250,"column":0},"end":{"line":250,"column":null}},"type":"binary-expr","locations":[{"start":{"line":250,"column":0},"end":{"line":250,"column":null}},{"start":{"line":250,"column":0},"end":{"line":250,"column":null}}]}},"s":{"0":0,"1":0,"2":0,"3":0,"4":0,"5":0,"6":0,"7":0,"8":0,"9":0,"10":0,"11":0,"12":0,"13":0,"14":0,"15":0,"16":0,"17":0,"18":0,"19":0,"20":0,"21":0,"22":0,"23":0,"24":0,"25":0,"26":0,"27":0,"28":0,"29":0,"30":0,"31":0,"32":0,"33":0,"34":0,"35":0,"36":0,"37":0,"38":0,"39":0,"40":0,"41":0,"42":0,"43":0,"44":0,"45":0},"f":{"0":0,"1":0,"2":0,"3":0,"4":0,"5":0,"6":0,"7":0,"8":0,"9":0,"10":0,"11":0,"12":0,"13":0,"14":0,"15":0,"16":0,"17":0},"b":{"0":[0,0],"1":[0,0],"2":[0,0]}}
,"C:\\Users\\longo\\Andrea\\developing\\projecting\\projecting-app\\src\\views\\project\\ProjectDeadlines.vue": {"path":"C:\\Users\\longo\\Andrea\\developing\\projecting\\projecting-app\\src\\views\\project\\ProjectDeadlines.vue","statementMap":{"0":{"start":{"line":35,"column":0},"end":{"line":35,"column":null}},"1":{"start":{"line":36,"column":0},"end":{"line":36,"column":null}},"2":{"start":{"line":39,"column":0},"end":{"line":39,"column":null}},"3":{"start":{"line":65,"column":0},"end":{"line":65,"column":null}},"4":{"start":{"line":71,"column":0},"end":{"line":71,"column":null}},"5":{"start":{"line":74,"column":0},"end":{"line":76,"column":null}},"6":{"start":{"line":75,"column":0},"end":{"line":75,"column":null}},"7":{"start":{"line":79,"column":0},"end":{"line":79,"column":null}},"8":{"start":{"line":82,"column":0},"end":{"line":82,"column":null}},"9":{"start":{"line":85,"column":0},"end":{"line":85,"column":null}}},"fnMap":{"0":{"name":"(anonymous_1)","decl":{"start":{"line":64,"column":0},"end":{"line":64,"column":null}},"loc":{"start":{"line":64,"column":0},"end":{"line":68,"column":null}}},"1":{"name":"(anonymous_2)","decl":{"start":{"line":70,"column":0},"end":{"line":70,"column":null}},"loc":{"start":{"line":70,"column":0},"end":{"line":72,"column":null}}},"2":{"name":"(anonymous_3)","decl":{"start":{"line":73,"column":0},"end":{"line":73,"column":null}},"loc":{"start":{"line":73,"column":0},"end":{"line":77,"column":null}}},"3":{"name":"(anonymous_4)","decl":{"start":{"line":78,"column":0},"end":{"line":78,"column":null}},"loc":{"start":{"line":78,"column":0},"end":{"line":80,"column":null}}},"4":{"name":"(anonymous_5)","decl":{"start":{"line":79,"column":0},"end":{"line":79,"column":null}},"loc":{"start":{"line":79,"column":0},"end":{"line":79,"column":null}}},"5":{"name":"(anonymous_6)","decl":{"start":{"line":81,"column":0},"end":{"line":81,"column":null}},"loc":{"start":{"line":81,"column":0},"end":{"line":83,"column":null}}},"6":{"name":"(anonymous_7)","decl":{"start":{"line":84,"column":0},"end":{"line":84,"column":null}},"loc":{"start":{"line":84,"column":0},"end":{"line":86,"column":null}}}},"branchMap":{"0":{"loc":{"start":{"line":74,"column":0},"end":{"line":76,"column":null}},"type":"if","locations":[{"start":{"line":74,"column":0},"end":{"line":76,"column":null}},{"start":{"line":74,"column":0},"end":{"line":76,"column":null}}]}},"s":{"0":0,"1":0,"2":0,"3":0,"4":0,"5":0,"6":0,"7":0,"8":0,"9":0},"f":{"0":0,"1":0,"2":0,"3":0,"4":0,"5":0,"6":0},"b":{"0":[0,0]}}
,"C:\\Users\\longo\\Andrea\\developing\\projecting\\projecting-app\\src\\views\\project\\ProjectHeader.vue": {"path":"C:\\Users\\longo\\Andrea\\developing\\projecting\\projecting-app\\src\\views\\project\\ProjectHeader.vue","statementMap":{"0":{"start":{"line":41,"column":0},"end":{"line":41,"column":null}},"1":{"start":{"line":44,"column":0},"end":{"line":44,"column":null}},"2":{"start":{"line":47,"column":0},"end":{"line":47,"column":null}},"3":{"start":{"line":50,"column":0},"end":{"line":50,"column":null}}},"fnMap":{"0":{"name":"(anonymous_1)","decl":{"start":{"line":40,"column":0},"end":{"line":40,"column":null}},"loc":{"start":{"line":40,"column":0},"end":{"line":42,"column":null}}},"1":{"name":"(anonymous_2)","decl":{"start":{"line":43,"column":0},"end":{"line":43,"column":null}},"loc":{"start":{"line":43,"column":0},"end":{"line":45,"column":null}}},"2":{"name":"(anonymous_3)","decl":{"start":{"line":46,"column":0},"end":{"line":46,"column":null}},"loc":{"start":{"line":46,"column":0},"end":{"line":48,"column":null}}},"3":{"name":"(anonymous_4)","decl":{"start":{"line":49,"column":0},"end":{"line":49,"column":null}},"loc":{"start":{"line":49,"column":0},"end":{"line":51,"column":null}}}},"branchMap":{},"s":{"0":0,"1":0,"2":0,"3":0},"f":{"0":0,"1":0,"2":0,"3":0},"b":{}}
,"C:\\Users\\longo\\Andrea\\developing\\projecting\\projecting-app\\src\\views\\project\\ProjectStats.vue": {"path":"C:\\Users\\longo\\Andrea\\developing\\projecting\\projecting-app\\src\\views\\project\\ProjectStats.vue","statementMap":{"0":{"start":{"line":19,"column":0},"end":{"line":19,"column":null}}},"fnMap":{},"branchMap":{},"s":{"0":0},"f":{},"b":{}}
,"C:\\Users\\longo\\Andrea\\developing\\projecting\\projecting-app\\src\\views\\project\\Tasks.vue": {"path":"C:\\Users\\longo\\Andrea\\developing\\projecting\\projecting-app\\src\\views\\project\\Tasks.vue","statementMap":{"0":{"start":{"line":114,"column":0},"end":{"line":114,"column":null}},"1":{"start":{"line":115,"column":0},"end":{"line":115,"column":null}},"2":{"start":{"line":116,"column":0},"end":{"line":116,"column":null}},"3":{"start":{"line":137,"column":0},"end":{"line":137,"column":null}},"4":{"start":{"line":147,"column":0},"end":{"line":163,"column":null}},"5":{"start":{"line":149,"column":0},"end":{"line":149,"column":null}},"6":{"start":{"line":152,"column":0},"end":{"line":152,"column":null}},"7":{"start":{"line":153,"column":0},"end":{"line":153,"column":null}},"8":{"start":{"line":154,"column":0},"end":{"line":154,"column":null}},"9":{"start":{"line":157,"column":0},"end":{"line":157,"column":null}},"10":{"start":{"line":160,"column":0},"end":{"line":160,"column":null}},"11":{"start":{"line":161,"column":0},"end":{"line":161,"column":null}},"12":{"start":{"line":162,"column":0},"end":{"line":162,"column":null}},"13":{"start":{"line":166,"column":0},"end":{"line":176,"column":null}},"14":{"start":{"line":169,"column":0},"end":{"line":169,"column":null}},"15":{"start":{"line":170,"column":0},"end":{"line":170,"column":null}},"16":{"start":{"line":175,"column":0},"end":{"line":175,"column":null}},"17":{"start":{"line":179,"column":0},"end":{"line":181,"column":null}},"18":{"start":{"line":180,"column":0},"end":{"line":180,"column":null}},"19":{"start":{"line":184,"column":0},"end":{"line":186,"column":null}},"20":{"start":{"line":185,"column":0},"end":{"line":185,"column":null}},"21":{"start":{"line":189,"column":0},"end":{"line":189,"column":null}}},"fnMap":{"0":{"name":"(anonymous_1)","decl":{"start":{"line":136,"column":0},"end":{"line":136,"column":null}},"loc":{"start":{"line":136,"column":0},"end":{"line":144,"column":null}}},"1":{"name":"(anonymous_2)","decl":{"start":{"line":146,"column":0},"end":{"line":146,"column":null}},"loc":{"start":{"line":146,"column":0},"end":{"line":164,"column":null}}},"2":{"name":"(anonymous_3)","decl":{"start":{"line":165,"column":0},"end":{"line":165,"column":null}},"loc":{"start":{"line":165,"column":0},"end":{"line":177,"column":null}}},"3":{"name":"(anonymous_4)","decl":{"start":{"line":178,"column":0},"end":{"line":178,"column":null}},"loc":{"start":{"line":178,"column":0},"end":{"line":182,"column":null}}},"4":{"name":"(anonymous_5)","decl":{"start":{"line":183,"column":0},"end":{"line":183,"column":null}},"loc":{"start":{"line":183,"column":0},"end":{"line":187,"column":null}}},"5":{"name":"(anonymous_6)","decl":{"start":{"line":188,"column":0},"end":{"line":188,"column":null}},"loc":{"start":{"line":188,"column":0},"end":{"line":190,"column":null}}}},"branchMap":{"0":{"loc":{"start":{"line":147,"column":0},"end":{"line":163,"column":null}},"type":"if","locations":[{"start":{"line":147,"column":0},"end":{"line":163,"column":null}},{"start":{"line":147,"column":0},"end":{"line":163,"column":null}}]},"1":{"loc":{"start":{"line":166,"column":0},"end":{"line":176,"column":null}},"type":"if","locations":[{"start":{"line":166,"column":0},"end":{"line":176,"column":null}},{"start":{"line":166,"column":0},"end":{"line":176,"column":null}}]},"2":{"loc":{"start":{"line":166,"column":0},"end":{"line":166,"column":null}},"type":"binary-expr","locations":[{"start":{"line":166,"column":0},"end":{"line":166,"column":null}},{"start":{"line":166,"column":0},"end":{"line":166,"column":null}},{"start":{"line":166,"column":0},"end":{"line":166,"column":null}}]},"3":{"loc":{"start":{"line":179,"column":0},"end":{"line":181,"column":null}},"type":"if","locations":[{"start":{"line":179,"column":0},"end":{"line":181,"column":null}},{"start":{"line":179,"column":0},"end":{"line":181,"column":null}}]},"4":{"loc":{"start":{"line":184,"column":0},"end":{"line":186,"column":null}},"type":"if","locations":[{"start":{"line":184,"column":0},"end":{"line":186,"column":null}},{"start":{"line":184,"column":0},"end":{"line":186,"column":null}}]}},"s":{"0":0,"1":0,"2":0,"3":0,"4":0,"5":0,"6":0,"7":0,"8":0,"9":0,"10":0,"11":0,"12":0,"13":0,"14":0,"15":0,"16":0,"17":0,"18":0,"19":0,"20":0,"21":0},"f":{"0":0,"1":0,"2":0,"3":0,"4":0,"5":0},"b":{"0":[0,0],"1":[0,0],"2":[0,0,0],"3":[0,0],"4":[0,0]}}
,"C:\\Users\\longo\\Andrea\\developing\\projecting\\projecting-app\\src\\views\\project\\index.js": {"path":"C:\\Users\\longo\\Andrea\\developing\\projecting\\projecting-app\\src\\views\\project\\index.js","statementMap":{},"fnMap":{},"branchMap":{},"s":{},"f":{},"b":{},"hash":"ae0e1138625b7b82e7d012f8c0bb6eac1a0a89f0"}
,"C:\\Users\\longo\\Andrea\\developing\\projecting\\projecting-app\\src\\views\\summary\\Summary.vue": {"path":"C:\\Users\\longo\\Andrea\\developing\\projecting\\projecting-app\\src\\views\\summary\\Summary.vue","statementMap":{"0":{"start":{"line":39,"column":0},"end":{"line":39,"column":null}},"1":{"start":{"line":42,"column":0},"end":{"line":42,"column":null}},"2":{"start":{"line":43,"column":0},"end":{"line":43,"column":null}},"3":{"start":{"line":53,"column":0},"end":{"line":53,"column":null}},"4":{"start":{"line":62,"column":0},"end":{"line":62,"column":null}},"5":{"start":{"line":66,"column":0},"end":{"line":66,"column":null}},"6":{"start":{"line":70,"column":0},"end":{"line":70,"column":null}},"7":{"start":{"line":74,"column":0},"end":{"line":74,"column":null}},"8":{"start":{"line":79,"column":0},"end":{"line":79,"column":null}},"9":{"start":{"line":80,"column":0},"end":{"line":80,"column":null}},"10":{"start":{"line":81,"column":0},"end":{"line":81,"column":null}},"11":{"start":{"line":85,"column":0},"end":{"line":85,"column":null}}},"fnMap":{"0":{"name":"(anonymous_1)","decl":{"start":{"line":52,"column":0},"end":{"line":52,"column":null}},"loc":{"start":{"line":52,"column":0},"end":{"line":59,"column":null}}},"1":{"name":"(anonymous_2)","decl":{"start":{"line":61,"column":0},"end":{"line":61,"column":null}},"loc":{"start":{"line":61,"column":0},"end":{"line":64,"column":null}}},"2":{"name":"(anonymous_3)","decl":{"start":{"line":62,"column":0},"end":{"line":62,"column":null}},"loc":{"start":{"line":62,"column":0},"end":{"line":62,"column":null}}},"3":{"name":"(anonymous_4)","decl":{"start":{"line":65,"column":0},"end":{"line":65,"column":null}},"loc":{"start":{"line":65,"column":0},"end":{"line":68,"column":null}}},"4":{"name":"(anonymous_5)","decl":{"start":{"line":66,"column":0},"end":{"line":66,"column":null}},"loc":{"start":{"line":66,"column":0},"end":{"line":66,"column":null}}},"5":{"name":"(anonymous_6)","decl":{"start":{"line":69,"column":0},"end":{"line":69,"column":null}},"loc":{"start":{"line":69,"column":0},"end":{"line":72,"column":null}}},"6":{"name":"(anonymous_7)","decl":{"start":{"line":70,"column":0},"end":{"line":70,"column":null}},"loc":{"start":{"line":70,"column":0},"end":{"line":70,"column":null}}},"7":{"name":"(anonymous_8)","decl":{"start":{"line":73,"column":0},"end":{"line":73,"column":null}},"loc":{"start":{"line":73,"column":0},"end":{"line":76,"column":null}}},"8":{"name":"(anonymous_9)","decl":{"start":{"line":74,"column":0},"end":{"line":74,"column":null}},"loc":{"start":{"line":74,"column":0},"end":{"line":74,"column":null}}},"9":{"name":"(anonymous_10)","decl":{"start":{"line":78,"column":0},"end":{"line":78,"column":null}},"loc":{"start":{"line":78,"column":0},"end":{"line":82,"column":null}}},"10":{"name":"(anonymous_11)","decl":{"start":{"line":84,"column":0},"end":{"line":84,"column":null}},"loc":{"start":{"line":84,"column":0},"end":{"line":86,"column":null}}}},"branchMap":{},"s":{"0":0,"1":0,"2":0,"3":0,"4":0,"5":0,"6":0,"7":0,"8":0,"9":0,"10":0,"11":0},"f":{"0":0,"1":0,"2":0,"3":0,"4":0,"5":0,"6":0,"7":0,"8":0,"9":0,"10":0},"b":{}}
,"C:\\Users\\longo\\Andrea\\developing\\projecting\\projecting-app\\src\\views\\summary\\index.js": {"path":"C:\\Users\\longo\\Andrea\\developing\\projecting\\projecting-app\\src\\views\\summary\\index.js","statementMap":{},"fnMap":{},"branchMap":{},"s":{},"f":{},"b":{},"hash":"814a371724d87fcb366ed831ae03a6a78eeede8b"}
,"C:\\Users\\longo\\Andrea\\developing\\projecting\\projecting-app\\src\\views\\summary\\projects-list\\ProjectsList.vue": {"path":"C:\\Users\\longo\\Andrea\\developing\\projecting\\projecting-app\\src\\views\\summary\\projects-list\\ProjectsList.vue","statementMap":{"0":{"start":{"line":42,"column":0},"end":{"line":42,"column":null}},"1":{"start":{"line":60,"column":0},"end":{"line":60,"column":null}},"2":{"start":{"line":66,"column":0},"end":{"line":66,"column":null}},"3":{"start":{"line":69,"column":0},"end":{"line":69,"column":null}}},"fnMap":{"0":{"name":"(anonymous_1)","decl":{"start":{"line":59,"column":0},"end":{"line":59,"column":null}},"loc":{"start":{"line":59,"column":0},"end":{"line":63,"column":null}}},"1":{"name":"(anonymous_2)","decl":{"start":{"line":65,"column":0},"end":{"line":65,"column":null}},"loc":{"start":{"line":65,"column":0},"end":{"line":67,"column":null}}},"2":{"name":"(anonymous_3)","decl":{"start":{"line":68,"column":0},"end":{"line":68,"column":null}},"loc":{"start":{"line":68,"column":0},"end":{"line":70,"column":null}}}},"branchMap":{},"s":{"0":0,"1":0,"2":0,"3":0},"f":{"0":0,"1":0,"2":0},"b":{}}
,"C:\\Users\\longo\\Andrea\\developing\\projecting\\projecting-app\\src\\views\\summary\\quick-info\\QuickDeadline.vue": {"path":"C:\\Users\\longo\\Andrea\\developing\\projecting\\projecting-app\\src\\views\\summary\\quick-info\\QuickDeadline.vue","statementMap":{"0":{"start":{"line":29,"column":0},"end":{"line":29,"column":null}},"1":{"start":{"line":43,"column":0},"end":{"line":43,"column":null}},"2":{"start":{"line":49,"column":0},"end":{"line":49,"column":null}},"3":{"start":{"line":52,"column":0},"end":{"line":52,"column":null}},"4":{"start":{"line":56,"column":0},"end":{"line":56,"column":null}},"5":{"start":{"line":58,"column":0},"end":{"line":58,"column":null}},"6":{"start":{"line":59,"column":0},"end":{"line":59,"column":null}},"7":{"start":{"line":60,"column":0},"end":{"line":60,"column":null}},"8":{"start":{"line":62,"column":0},"end":{"line":62,"column":null}},"9":{"start":{"line":65,"column":0},"end":{"line":65,"column":null}},"10":{"start":{"line":69,"column":0},"end":{"line":71,"column":null}},"11":{"start":{"line":70,"column":0},"end":{"line":70,"column":null}},"12":{"start":{"line":73,"column":0},"end":{"line":75,"column":null}},"13":{"start":{"line":74,"column":0},"end":{"line":74,"column":null}},"14":{"start":{"line":77,"column":0},"end":{"line":79,"column":null}},"15":{"start":{"line":78,"column":0},"end":{"line":78,"column":null}},"16":{"start":{"line":81,"column":0},"end":{"line":83,"column":null}},"17":{"start":{"line":82,"column":0},"end":{"line":82,"column":null}},"18":{"start":{"line":86,"column":0},"end":{"line":86,"column":null}},"19":{"start":{"line":87,"column":0},"end":{"line":87,"column":null}},"20":{"start":{"line":89,"column":0},"end":{"line":89,"column":null}},"21":{"start":{"line":91,"column":0},"end":{"line":91,"column":null}}},"fnMap":{"0":{"name":"(anonymous_1)","decl":{"start":{"line":42,"column":0},"end":{"line":42,"column":null}},"loc":{"start":{"line":42,"column":0},"end":{"line":47,"column":null}}},"1":{"name":"(anonymous_2)","decl":{"start":{"line":48,"column":0},"end":{"line":48,"column":null}},"loc":{"start":{"line":48,"column":0},"end":{"line":53,"column":null}}},"2":{"name":"(anonymous_3)","decl":{"start":{"line":49,"column":0},"end":{"line":49,"column":null}},"loc":{"start":{"line":49,"column":0},"end":{"line":49,"column":null}}},"3":{"name":"(anonymous_4)","decl":{"start":{"line":55,"column":0},"end":{"line":55,"column":null}},"loc":{"start":{"line":55,"column":0},"end":{"line":66,"column":null}}},"4":{"name":"(anonymous_5)","decl":{"start":{"line":68,"column":0},"end":{"line":68,"column":null}},"loc":{"start":{"line":68,"column":0},"end":{"line":84,"column":null}}},"5":{"name":"(anonymous_6)","decl":{"start":{"line":85,"column":0},"end":{"line":85,"column":null}},"loc":{"start":{"line":85,"column":0},"end":{"line":92,"column":null}}}},"branchMap":{"0":{"loc":{"start":{"line":69,"column":0},"end":{"line":71,"column":null}},"type":"if","locations":[{"start":{"line":69,"column":0},"end":{"line":71,"column":null}},{"start":{"line":69,"column":0},"end":{"line":71,"column":null}}]},"1":{"loc":{"start":{"line":73,"column":0},"end":{"line":75,"column":null}},"type":"if","locations":[{"start":{"line":73,"column":0},"end":{"line":75,"column":null}},{"start":{"line":73,"column":0},"end":{"line":75,"column":null}}]},"2":{"loc":{"start":{"line":77,"column":0},"end":{"line":79,"column":null}},"type":"if","locations":[{"start":{"line":77,"column":0},"end":{"line":79,"column":null}},{"start":{"line":77,"column":0},"end":{"line":79,"column":null}}]},"3":{"loc":{"start":{"line":81,"column":0},"end":{"line":83,"column":null}},"type":"if","locations":[{"start":{"line":81,"column":0},"end":{"line":83,"column":null}},{"start":{"line":81,"column":0},"end":{"line":83,"column":null}}]}},"s":{"0":0,"1":0,"2":0,"3":0,"4":0,"5":0,"6":0,"7":0,"8":0,"9":0,"10":0,"11":0,"12":0,"13":0,"14":0,"15":0,"16":0,"17":0,"18":0,"19":0,"20":0,"21":0},"f":{"0":0,"1":0,"2":0,"3":0,"4":0,"5":0},"b":{"0":[0,0],"1":[0,0],"2":[0,0],"3":[0,0]}}
,"C:\\Users\\longo\\Andrea\\developing\\projecting\\projecting-app\\src\\views\\summary\\quick-info\\QuickInfo.vue": {"path":"C:\\Users\\longo\\Andrea\\developing\\projecting\\projecting-app\\src\\views\\summary\\quick-info\\QuickInfo.vue","statementMap":{"0":{"start":{"line":44,"column":0},"end":{"line":44,"column":null}},"1":{"start":{"line":47,"column":0},"end":{"line":47,"column":null}},"2":{"start":{"line":48,"column":0},"end":{"line":48,"column":null}},"3":{"start":{"line":68,"column":0},"end":{"line":68,"column":null}},"4":{"start":{"line":74,"column":0},"end":{"line":74,"column":null}}},"fnMap":{"0":{"name":"(anonymous_1)","decl":{"start":{"line":67,"column":0},"end":{"line":67,"column":null}},"loc":{"start":{"line":67,"column":0},"end":{"line":71,"column":null}}},"1":{"name":"(anonymous_2)","decl":{"start":{"line":73,"column":0},"end":{"line":73,"column":null}},"loc":{"start":{"line":73,"column":0},"end":{"line":75,"column":null}}}},"branchMap":{},"s":{"0":0,"1":0,"2":0,"3":0,"4":0},"f":{"0":0,"1":0},"b":{}}
,"C:\\Users\\longo\\Andrea\\developing\\projecting\\projecting-app\\src\\views\\summary\\quick-info\\QuickTask.vue": {"path":"C:\\Users\\longo\\Andrea\\developing\\projecting\\projecting-app\\src\\views\\summary\\quick-info\\QuickTask.vue","statementMap":{"0":{"start":{"line":31,"column":0},"end":{"line":31,"column":null}},"1":{"start":{"line":45,"column":0},"end":{"line":45,"column":null}},"2":{"start":{"line":51,"column":0},"end":{"line":51,"column":null}},"3":{"start":{"line":56,"column":0},"end":{"line":56,"column":null}},"4":{"start":{"line":59,"column":0},"end":{"line":59,"column":null}}},"fnMap":{"0":{"name":"(anonymous_1)","decl":{"start":{"line":44,"column":0},"end":{"line":44,"column":null}},"loc":{"start":{"line":44,"column":0},"end":{"line":49,"column":null}}},"1":{"name":"(anonymous_2)","decl":{"start":{"line":50,"column":0},"end":{"line":50,"column":null}},"loc":{"start":{"line":50,"column":0},"end":{"line":53,"column":null}}},"2":{"name":"(anonymous_3)","decl":{"start":{"line":51,"column":0},"end":{"line":51,"column":null}},"loc":{"start":{"line":51,"column":0},"end":{"line":51,"column":null}}},"3":{"name":"(anonymous_4)","decl":{"start":{"line":55,"column":0},"end":{"line":55,"column":null}},"loc":{"start":{"line":55,"column":0},"end":{"line":57,"column":null}}},"4":{"name":"(anonymous_5)","decl":{"start":{"line":58,"column":0},"end":{"line":58,"column":null}},"loc":{"start":{"line":58,"column":0},"end":{"line":60,"column":null}}}},"branchMap":{},"s":{"0":0,"1":0,"2":0,"3":0,"4":0},"f":{"0":0,"1":0,"2":0,"3":0,"4":0},"b":{}}
}
