TN:
SF:C:\Users\longo\Andrea\developing\projecting\projecting-app\src\components\button\PButton.vue
FN:40,(anonymous_1)
FNF:1
FNH:1
FNDA:1,(anonymous_1)
DA:41,1
LF:1
LH:1
BRF:0
BRH:0
end_of_record
TN:
SF:C:\Users\longo\Andrea\developing\projecting\projecting-app\src\components\collapse\PCollapseItem.vue
FN:31,(anonymous_1)
FN:37,(anonymous_2)
FN:42,(anonymous_3)
FNF:3
FNH:3
FNDA:2,(anonymous_1)
FNDA:1,(anonymous_2)
FNDA:2,(anonymous_3)
DA:32,2
DA:38,1
DA:43,2
DA:46,2
LF:4
LH:4
BRF:0
BRH:0
end_of_record
TN:
SF:C:\Users\longo\Andrea\developing\projecting\projecting-app\src\components\navbar\PNavbar.vue
FN:30,(anonymous_1)
FN:36,(anonymous_2)
FN:40,(anonymous_3)
FN:41,(anonymous_4)
FN:43,(anonymous_5)
FN:46,(anonymous_6)
FNF:6
FNH:5
FNDA:1,(anonymous_1)
FNDA:1,(anonymous_2)
FNDA:1,(anonymous_3)
FNDA:0,(anonymous_4)
FNDA:1,(anonymous_5)
FNDA:1,(anonymous_6)
DA:31,1
DA:37,1
DA:41,1
DA:44,1
DA:47,1
DA:50,1
LF:6
LH:6
BRF:0
BRH:0
end_of_record
