TN:
SF:C:\Users\longo\Andrea\developing\projecting\projecting-app\src\registerServiceWorker.js
FN:7,(anonymous_0)
FN:13,(anonymous_1)
FN:16,(anonymous_2)
FN:19,(anonymous_3)
FN:22,(anonymous_4)
FN:25,(anonymous_5)
FN:28,(anonymous_6)
FNF:7
FNH:0
FNDA:0,(anonymous_0)
FNDA:0,(anonymous_1)
FNDA:0,(anonymous_2)
FNDA:0,(anonymous_3)
FNDA:0,(anonymous_4)
FNDA:0,(anonymous_5)
FNDA:0,(anonymous_6)
DA:5,0
DA:6,0
DA:8,0
DA:14,0
DA:17,0
DA:20,0
DA:23,0
DA:26,0
DA:29,0
LF:9
LH:0
BRDA:5,0,0,0
BRDA:5,0,1,0
BRF:2
BRH:0
end_of_record
TN:
SF:C:\Users\longo\Andrea\developing\projecting\projecting-app\src\components\box\index.js
FNF:0
FNH:0
LF:0
LH:0
BRF:0
BRH:0
end_of_record
TN:
SF:C:\Users\longo\Andrea\developing\projecting\projecting-app\src\components\button\PButton.vue
FN:40,(anonymous_1)
FNF:1
FNH:1
FNDA:1,(anonymous_1)
DA:41,1
LF:1
LH:1
BRF:0
BRH:0
end_of_record
TN:
SF:C:\Users\longo\Andrea\developing\projecting\projecting-app\src\components\button\index.js
FNF:0
FNH:0
LF:0
LH:0
BRF:0
BRH:0
end_of_record
TN:
SF:C:\Users\longo\Andrea\developing\projecting\projecting-app\src\components\card\index.js
FNF:0
FNH:0
LF:0
LH:0
BRF:0
BRH:0
end_of_record
TN:
SF:C:\Users\longo\Andrea\developing\projecting\projecting-app\src\components\collapse\PCollapseItem.vue
FN:31,(anonymous_1)
FN:37,(anonymous_2)
FN:42,(anonymous_3)
FNF:3
FNH:0
FNDA:0,(anonymous_1)
FNDA:0,(anonymous_2)
FNDA:0,(anonymous_3)
DA:32,0
DA:38,0
DA:43,0
DA:46,0
LF:4
LH:0
BRF:0
BRH:0
end_of_record
TN:
SF:C:\Users\longo\Andrea\developing\projecting\projecting-app\src\components\collapse\index.js
FNF:0
FNH:0
LF:0
LH:0
BRF:0
BRH:0
end_of_record
TN:
SF:C:\Users\longo\Andrea\developing\projecting\projecting-app\src\components\modal\index.js
FNF:0
FNH:0
LF:0
LH:0
BRF:0
BRH:0
end_of_record
TN:
SF:C:\Users\longo\Andrea\developing\projecting\projecting-app\src\components\navbar\PNavbar.vue
FN:30,(anonymous_1)
FN:36,(anonymous_2)
FN:40,(anonymous_3)
FN:41,(anonymous_4)
FN:43,(anonymous_5)
FN:46,(anonymous_6)
FNF:6
FNH:0
FNDA:0,(anonymous_1)
FNDA:0,(anonymous_2)
FNDA:0,(anonymous_3)
FNDA:0,(anonymous_4)
FNDA:0,(anonymous_5)
FNDA:0,(anonymous_6)
DA:31,0
DA:37,0
DA:41,0
DA:44,0
DA:47,0
DA:50,0
LF:6
LH:0
BRF:0
BRH:0
end_of_record
TN:
SF:C:\Users\longo\Andrea\developing\projecting\projecting-app\src\components\navbar\index.js
FNF:0
FNH:0
LF:0
LH:0
BRF:0
BRH:0
end_of_record
TN:
SF:C:\Users\longo\Andrea\developing\projecting\projecting-app\src\components\roadmap\index.js
FNF:0
FNH:0
LF:0
LH:0
BRF:0
BRH:0
end_of_record
TN:
SF:C:\Users\longo\Andrea\developing\projecting\projecting-app\src\router\index.js
FN:18,(anonymous_0)
FN:24,(anonymous_1)
FN:25,(anonymous_2)
FN:38,(anonymous_3)
FN:43,(anonymous_4)
FN:48,(anonymous_5)
FN:49,(anonymous_6)
FNF:7
FNH:0
FNDA:0,(anonymous_0)
FNDA:0,(anonymous_1)
FNDA:0,(anonymous_2)
FNDA:0,(anonymous_3)
FNDA:0,(anonymous_4)
FNDA:0,(anonymous_5)
FNDA:0,(anonymous_6)
DA:6,0
DA:8,0
DA:18,0
DA:24,0
DA:26,0
DA:28,0
DA:31,0
DA:38,0
DA:43,0
DA:48,0
DA:50,0
DA:52,0
DA:55,0
DA:65,0
LF:14
LH:0
BRDA:26,0,0,0
BRDA:26,0,1,0
BRDA:50,1,0,0
BRDA:50,1,1,0
BRF:4
BRH:0
end_of_record
TN:
SF:C:\Users\longo\Andrea\developing\projecting\projecting-app\src\store\index.js
FNF:0
FNH:0
DA:9,0
DA:11,0
LF:2
LH:0
BRF:0
BRH:0
end_of_record
TN:
SF:C:\Users\longo\Andrea\developing\projecting\projecting-app\src\store\modules\deadlines\actions.js
FN:9,(anonymous_0)
FN:16,(anonymous_1)
FN:28,(anonymous_2)
FN:53,(anonymous_3)
FN:72,(anonymous_4)
FN:75,(anonymous_5)
FN:87,(anonymous_6)
FN:109,(anonymous_7)
FN:112,(anonymous_8)
FNF:9
FNH:0
FNDA:0,(anonymous_0)
FNDA:0,(anonymous_1)
FNDA:0,(anonymous_2)
FNDA:0,(anonymous_3)
FNDA:0,(anonymous_4)
FNDA:0,(anonymous_5)
FNDA:0,(anonymous_6)
FNDA:0,(anonymous_7)
FNDA:0,(anonymous_8)
DA:9,0
DA:10,0
DA:12,0
DA:17,0
DA:28,0
DA:30,0
DA:33,0
DA:35,0
DA:53,0
DA:54,0
DA:57,0
DA:59,0
DA:72,0
DA:73,0
DA:75,0
DA:87,0
DA:88,0
DA:91,0
DA:93,0
DA:109,0
DA:110,0
DA:112,0
LF:22
LH:0
BRF:0
BRH:0
end_of_record
TN:
SF:C:\Users\longo\Andrea\developing\projecting\projecting-app\src\store\modules\deadlines\getters.js
FN:7,(anonymous_0)
FN:15,(anonymous_1)
FN:15,(anonymous_2)
FN:15,(anonymous_3)
FNF:4
FNH:0
FNDA:0,(anonymous_0)
FNDA:0,(anonymous_1)
FNDA:0,(anonymous_2)
FNDA:0,(anonymous_3)
DA:7,0
DA:15,0
LF:2
LH:0
BRF:0
BRH:0
end_of_record
TN:
SF:C:\Users\longo\Andrea\developing\projecting\projecting-app\src\store\modules\deadlines\index.js
FNF:0
FNH:0
DA:5,0
LF:1
LH:0
BRF:0
BRH:0
end_of_record
TN:
SF:C:\Users\longo\Andrea\developing\projecting\projecting-app\src\store\modules\deadlines\mutations.js
FN:9,(anonymous_0)
FN:24,(anonymous_1)
FN:39,(anonymous_2)
FN:40,(anonymous_3)
FN:52,(anonymous_4)
FN:53,(anonymous_5)
FNF:6
FNH:0
FNDA:0,(anonymous_0)
FNDA:0,(anonymous_1)
FNDA:0,(anonymous_2)
FNDA:0,(anonymous_3)
FNDA:0,(anonymous_4)
FNDA:0,(anonymous_5)
DA:9,0
DA:10,0
DA:11,0
DA:13,0
DA:24,0
DA:25,0
DA:39,0
DA:40,0
DA:42,0
DA:52,0
DA:53,0
DA:55,0
LF:12
LH:0
BRDA:10,0,0,0
BRDA:10,0,1,0
BRDA:10,1,0,0
BRDA:10,1,1,0
BRF:4
BRH:0
end_of_record
TN:
SF:C:\Users\longo\Andrea\developing\projecting\projecting-app\src\store\modules\projects\actions.js
FN:9,(anonymous_0)
FN:16,(anonymous_1)
FN:28,(anonymous_2)
FN:54,(anonymous_3)
FN:76,(anonymous_4)
FN:97,(anonymous_5)
FN:117,(anonymous_6)
FNF:7
FNH:0
FNDA:0,(anonymous_0)
FNDA:0,(anonymous_1)
FNDA:0,(anonymous_2)
FNDA:0,(anonymous_3)
FNDA:0,(anonymous_4)
FNDA:0,(anonymous_5)
FNDA:0,(anonymous_6)
DA:9,0
DA:10,0
DA:12,0
DA:17,0
DA:28,0
DA:30,0
DA:33,0
DA:35,0
DA:54,0
DA:55,0
DA:58,0
DA:60,0
DA:76,0
DA:77,0
DA:80,0
DA:82,0
DA:97,0
DA:98,0
DA:101,0
DA:103,0
DA:117,0
DA:118,0
DA:121,0
DA:123,0
LF:24
LH:0
BRF:0
BRH:0
end_of_record
TN:
SF:C:\Users\longo\Andrea\developing\projecting\projecting-app\src\store\modules\projects\getters.js
FN:7,(anonymous_0)
FN:16,(anonymous_1)
FN:16,(anonymous_2)
FN:16,(anonymous_3)
FNF:4
FNH:0
FNDA:0,(anonymous_0)
FNDA:0,(anonymous_1)
FNDA:0,(anonymous_2)
FNDA:0,(anonymous_3)
DA:7,0
DA:16,0
LF:2
LH:0
BRF:0
BRH:0
end_of_record
TN:
SF:C:\Users\longo\Andrea\developing\projecting\projecting-app\src\store\modules\projects\index.js
FNF:0
FNH:0
DA:5,0
LF:1
LH:0
BRF:0
BRH:0
end_of_record
TN:
SF:C:\Users\longo\Andrea\developing\projecting\projecting-app\src\store\modules\projects\mutations.js
FN:9,(anonymous_0)
FN:25,(anonymous_1)
FN:41,(anonymous_2)
FN:42,(anonymous_3)
FN:54,(anonymous_4)
FN:55,(anonymous_5)
FN:67,(anonymous_6)
FN:68,(anonymous_7)
FN:79,(anonymous_8)
FN:80,(anonymous_9)
FNF:10
FNH:0
FNDA:0,(anonymous_0)
FNDA:0,(anonymous_1)
FNDA:0,(anonymous_2)
FNDA:0,(anonymous_3)
FNDA:0,(anonymous_4)
FNDA:0,(anonymous_5)
FNDA:0,(anonymous_6)
FNDA:0,(anonymous_7)
FNDA:0,(anonymous_8)
FNDA:0,(anonymous_9)
DA:9,0
DA:10,0
DA:11,0
DA:13,0
DA:25,0
DA:26,0
DA:41,0
DA:42,0
DA:44,0
DA:54,0
DA:55,0
DA:57,0
DA:67,0
DA:68,0
DA:70,0
DA:79,0
DA:80,0
DA:82,0
LF:18
LH:0
BRDA:10,0,0,0
BRDA:10,0,1,0
BRDA:10,1,0,0
BRDA:10,1,1,0
BRF:4
BRH:0
end_of_record
TN:
SF:C:\Users\longo\Andrea\developing\projecting\projecting-app\src\store\modules\settings\actions.js
FN:10,(anonymous_0)
FN:21,(anonymous_1)
FN:21,(anonymous_2)
FN:22,(anonymous_3)
FN:43,(anonymous_4)
FN:43,(anonymous_5)
FN:49,(anonymous_6)
FN:55,(anonymous_7)
FN:66,(anonymous_8)
FN:81,(anonymous_9)
FNF:10
FNH:0
FNDA:0,(anonymous_0)
FNDA:0,(anonymous_1)
FNDA:0,(anonymous_2)
FNDA:0,(anonymous_3)
FNDA:0,(anonymous_4)
FNDA:0,(anonymous_5)
FNDA:0,(anonymous_6)
FNDA:0,(anonymous_7)
FNDA:0,(anonymous_8)
FNDA:0,(anonymous_9)
DA:10,0
DA:11,0
DA:21,0
DA:22,0
DA:23,0
DA:25,0
DA:27,0
DA:30,0
DA:32,0
DA:43,0
DA:44,0
DA:46,0
DA:51,0
DA:53,0
DA:56,0
DA:66,0
DA:67,0
DA:72,0
DA:81,0
LF:19
LH:0
BRDA:23,0,0,0
BRDA:23,0,1,0
BRF:2
BRH:0
end_of_record
TN:
SF:C:\Users\longo\Andrea\developing\projecting\projecting-app\src\store\modules\settings\getters.js
FN:7,(anonymous_0)
FNF:1
FNH:0
FNDA:0,(anonymous_0)
DA:7,0
LF:1
LH:0
BRF:0
BRH:0
end_of_record
TN:
SF:C:\Users\longo\Andrea\developing\projecting\projecting-app\src\store\modules\settings\index.js
FNF:0
FNH:0
DA:5,0
LF:1
LH:0
BRF:0
BRH:0
end_of_record
TN:
SF:C:\Users\longo\Andrea\developing\projecting\projecting-app\src\store\modules\settings\mutations.js
FN:7,(anonymous_0)
FNF:1
FNH:0
FNDA:0,(anonymous_0)
DA:7,0
DA:8,0
LF:2
LH:0
BRF:0
BRH:0
end_of_record
TN:
SF:C:\Users\longo\Andrea\developing\projecting\projecting-app\src\store\modules\tasks\actions.js
FN:9,(anonymous_0)
FN:16,(anonymous_1)
FN:31,(anonymous_2)
FN:72,(anonymous_3)
FN:98,(anonymous_4)
FN:121,(anonymous_5)
FN:144,(anonymous_6)
FN:166,(anonymous_7)
FN:185,(anonymous_8)
FN:188,(anonymous_9)
FN:199,(anonymous_10)
FN:202,(anonymous_11)
FNF:12
FNH:0
FNDA:0,(anonymous_0)
FNDA:0,(anonymous_1)
FNDA:0,(anonymous_2)
FNDA:0,(anonymous_3)
FNDA:0,(anonymous_4)
FNDA:0,(anonymous_5)
FNDA:0,(anonymous_6)
FNDA:0,(anonymous_7)
FNDA:0,(anonymous_8)
FNDA:0,(anonymous_9)
FNDA:0,(anonymous_10)
FNDA:0,(anonymous_11)
DA:9,0
DA:10,0
DA:12,0
DA:17,0
DA:31,0
DA:39,0
DA:48,0
DA:50,0
DA:72,0
DA:73,0
DA:76,0
DA:78,0
DA:88,0
DA:98,0
DA:99,0
DA:102,0
DA:104,0
DA:121,0
DA:122,0
DA:125,0
DA:127,0
DA:144,0
DA:145,0
DA:148,0
DA:150,0
DA:166,0
DA:167,0
DA:170,0
DA:172,0
DA:185,0
DA:186,0
DA:188,0
DA:199,0
DA:200,0
DA:202,0
LF:35
LH:0
BRF:0
BRH:0
end_of_record
TN:
SF:C:\Users\longo\Andrea\developing\projecting\projecting-app\src\store\modules\tasks\getters.js
FN:7,(anonymous_0)
FN:15,(anonymous_1)
FN:15,(anonymous_2)
FN:15,(anonymous_3)
FN:23,(anonymous_4)
FN:23,(anonymous_5)
FN:23,(anonymous_6)
FNF:7
FNH:0
FNDA:0,(anonymous_0)
FNDA:0,(anonymous_1)
FNDA:0,(anonymous_2)
FNDA:0,(anonymous_3)
FNDA:0,(anonymous_4)
FNDA:0,(anonymous_5)
FNDA:0,(anonymous_6)
DA:7,0
DA:15,0
DA:23,0
LF:3
LH:0
BRF:0
BRH:0
end_of_record
TN:
SF:C:\Users\longo\Andrea\developing\projecting\projecting-app\src\store\modules\tasks\index.js
FNF:0
FNH:0
DA:5,0
LF:1
LH:0
BRF:0
BRH:0
end_of_record
TN:
SF:C:\Users\longo\Andrea\developing\projecting\projecting-app\src\store\modules\tasks\mutations.js
FN:9,(anonymous_0)
FN:27,(anonymous_1)
FN:52,(anonymous_2)
FN:53,(anonymous_3)
FN:65,(anonymous_4)
FN:66,(anonymous_5)
FN:78,(anonymous_6)
FN:79,(anonymous_7)
FN:91,(anonymous_8)
FN:92,(anonymous_9)
FN:103,(anonymous_10)
FN:104,(anonymous_11)
FNF:12
FNH:0
FNDA:0,(anonymous_0)
FNDA:0,(anonymous_1)
FNDA:0,(anonymous_2)
FNDA:0,(anonymous_3)
FNDA:0,(anonymous_4)
FNDA:0,(anonymous_5)
FNDA:0,(anonymous_6)
FNDA:0,(anonymous_7)
FNDA:0,(anonymous_8)
FNDA:0,(anonymous_9)
FNDA:0,(anonymous_10)
FNDA:0,(anonymous_11)
DA:9,0
DA:10,0
DA:11,0
DA:13,0
DA:27,0
DA:34,0
DA:52,0
DA:53,0
DA:55,0
DA:65,0
DA:66,0
DA:68,0
DA:78,0
DA:79,0
DA:81,0
DA:91,0
DA:92,0
DA:94,0
DA:103,0
DA:104,0
DA:106,0
LF:21
LH:0
BRDA:10,0,0,0
BRDA:10,0,1,0
BRDA:10,1,0,0
BRDA:10,1,1,0
BRF:4
BRH:0
end_of_record
TN:
SF:C:\Users\longo\Andrea\developing\projecting\projecting-app\src\views\Homepage.vue
FNF:0
FNH:0
DA:10,0
LF:1
LH:0
BRF:0
BRH:0
end_of_record
TN:
SF:C:\Users\longo\Andrea\developing\projecting\projecting-app\src\views\add-project\AddProject.vue
FN:64,(anonymous_1)
FN:72,(anonymous_2)
FN:84,(anonymous_3)
FN:97,(anonymous_4)
FN:107,(anonymous_5)
FN:109,(anonymous_6)
FN:110,(anonymous_7)
FN:112,(anonymous_8)
FNF:8
FNH:0
FNDA:0,(anonymous_1)
FNDA:0,(anonymous_2)
FNDA:0,(anonymous_3)
FNDA:0,(anonymous_4)
FNDA:0,(anonymous_5)
FNDA:0,(anonymous_6)
FNDA:0,(anonymous_7)
FNDA:0,(anonymous_8)
DA:55,0
DA:56,0
DA:65,0
DA:73,0
DA:76,0
DA:78,0
DA:84,0
DA:85,0
DA:87,0
DA:94,0
DA:98,0
DA:104,0
DA:107,0
DA:110,0
DA:113,0
DA:114,0
DA:115,0
DA:117,0
DA:120,0
LF:19
LH:0
BRDA:73,0,0,0
BRDA:73,0,1,0
BRDA:73,1,0,0
BRDA:73,1,1,0
BRF:4
BRH:0
end_of_record
TN:
SF:C:\Users\longo\Andrea\developing\projecting\projecting-app\src\views\add-project\index.js
FNF:0
FNH:0
LF:0
LH:0
BRF:0
BRH:0
end_of_record
TN:
SF:C:\Users\longo\Andrea\developing\projecting\projecting-app\src\views\login\Login.vue
FN:23,(anonymous_1)
FN:24,(anonymous_2)
FN:33,(anonymous_3)
FN:36,(anonymous_4)
FN:37,(anonymous_5)
FN:46,(anonymous_6)
FNF:6
FNH:0
FNDA:0,(anonymous_1)
FNDA:0,(anonymous_2)
FNDA:0,(anonymous_3)
FNDA:0,(anonymous_4)
FNDA:0,(anonymous_5)
FNDA:0,(anonymous_6)
DA:24,0
DA:27,0
DA:28,0
DA:29,0
DA:32,0
DA:37,0
DA:40,0
DA:41,0
DA:42,0
DA:45,0
LF:10
LH:0
BRF:0
BRH:0
end_of_record
TN:
SF:C:\Users\longo\Andrea\developing\projecting\projecting-app\src\views\login\index.js
FNF:0
FNH:0
LF:0
LH:0
BRF:0
BRH:0
end_of_record
TN:
SF:C:\Users\longo\Andrea\developing\projecting\projecting-app\src\views\project\Project.vue
FN:145,(anonymous_1)
FN:167,(anonymous_2)
FN:170,(anonymous_3)
FN:171,(anonymous_4)
FN:176,(anonymous_5)
FN:177,(anonymous_6)
FN:179,(anonymous_7)
FN:180,(anonymous_8)
FN:183,(anonymous_9)
FN:198,(anonymous_10)
FN:206,(anonymous_11)
FN:209,(anonymous_12)
FN:212,(anonymous_13)
FN:215,(anonymous_14)
FN:224,(anonymous_15)
FN:239,(anonymous_16)
FN:249,(anonymous_17)
FN:261,(anonymous_18)
FNF:18
FNH:0
FNDA:0,(anonymous_1)
FNDA:0,(anonymous_2)
FNDA:0,(anonymous_3)
FNDA:0,(anonymous_4)
FNDA:0,(anonymous_5)
FNDA:0,(anonymous_6)
FNDA:0,(anonymous_7)
FNDA:0,(anonymous_8)
FNDA:0,(anonymous_9)
FNDA:0,(anonymous_10)
FNDA:0,(anonymous_11)
FNDA:0,(anonymous_12)
FNDA:0,(anonymous_13)
FNDA:0,(anonymous_14)
FNDA:0,(anonymous_15)
FNDA:0,(anonymous_16)
FNDA:0,(anonymous_17)
FNDA:0,(anonymous_18)
DA:128,0
DA:129,0
DA:132,0
DA:133,0
DA:134,0
DA:146,0
DA:168,0
DA:171,0
DA:177,0
DA:180,0
DA:184,0
DA:185,0
DA:186,0
DA:188,0
DA:189,0
DA:190,0
DA:191,0
DA:194,0
DA:195,0
DA:200,0
DA:202,0
DA:204,0
DA:207,0
DA:210,0
DA:213,0
DA:216,0
DA:218,0
DA:219,0
DA:221,0
DA:226,0
DA:228,0
DA:236,0
DA:237,0
DA:240,0
DA:241,0
DA:242,0
DA:244,0
DA:247,0
DA:250,0
DA:252,0
DA:253,0
DA:258,0
DA:262,0
DA:263,0
DA:264,0
DA:266,0
LF:46
LH:0
BRDA:218,0,0,0
BRDA:218,0,1,0
BRDA:250,1,0,0
BRDA:250,1,1,0
BRDA:250,2,0,0
BRDA:250,2,1,0
BRF:6
BRH:0
end_of_record
TN:
SF:C:\Users\longo\Andrea\developing\projecting\projecting-app\src\views\project\ProjectDeadlines.vue
FN:64,(anonymous_1)
FN:70,(anonymous_2)
FN:73,(anonymous_3)
FN:78,(anonymous_4)
FN:79,(anonymous_5)
FN:81,(anonymous_6)
FN:84,(anonymous_7)
FNF:7
FNH:0
FNDA:0,(anonymous_1)
FNDA:0,(anonymous_2)
FNDA:0,(anonymous_3)
FNDA:0,(anonymous_4)
FNDA:0,(anonymous_5)
FNDA:0,(anonymous_6)
FNDA:0,(anonymous_7)
DA:35,0
DA:36,0
DA:39,0
DA:65,0
DA:71,0
DA:74,0
DA:75,0
DA:79,0
DA:82,0
DA:85,0
LF:10
LH:0
BRDA:74,0,0,0
BRDA:74,0,1,0
BRF:2
BRH:0
end_of_record
TN:
SF:C:\Users\longo\Andrea\developing\projecting\projecting-app\src\views\project\ProjectHeader.vue
FN:40,(anonymous_1)
FN:43,(anonymous_2)
FN:46,(anonymous_3)
FN:49,(anonymous_4)
FNF:4
FNH:0
FNDA:0,(anonymous_1)
FNDA:0,(anonymous_2)
FNDA:0,(anonymous_3)
FNDA:0,(anonymous_4)
DA:41,0
DA:44,0
DA:47,0
DA:50,0
LF:4
LH:0
BRF:0
BRH:0
end_of_record
TN:
SF:C:\Users\longo\Andrea\developing\projecting\projecting-app\src\views\project\ProjectStats.vue
FNF:0
FNH:0
DA:19,0
LF:1
LH:0
BRF:0
BRH:0
end_of_record
TN:
SF:C:\Users\longo\Andrea\developing\projecting\projecting-app\src\views\project\Tasks.vue
FN:136,(anonymous_1)
FN:146,(anonymous_2)
FN:165,(anonymous_3)
FN:178,(anonymous_4)
FN:183,(anonymous_5)
FN:188,(anonymous_6)
FNF:6
FNH:0
FNDA:0,(anonymous_1)
FNDA:0,(anonymous_2)
FNDA:0,(anonymous_3)
FNDA:0,(anonymous_4)
FNDA:0,(anonymous_5)
FNDA:0,(anonymous_6)
DA:114,0
DA:115,0
DA:116,0
DA:137,0
DA:147,0
DA:149,0
DA:152,0
DA:153,0
DA:154,0
DA:157,0
DA:160,0
DA:161,0
DA:162,0
DA:166,0
DA:169,0
DA:170,0
DA:175,0
DA:179,0
DA:180,0
DA:184,0
DA:185,0
DA:189,0
LF:22
LH:0
BRDA:147,0,0,0
BRDA:147,0,1,0
BRDA:166,1,0,0
BRDA:166,1,1,0
BRDA:166,2,0,0
BRDA:166,2,1,0
BRDA:166,2,2,0
BRDA:179,3,0,0
BRDA:179,3,1,0
BRDA:184,4,0,0
BRDA:184,4,1,0
BRF:11
BRH:0
end_of_record
TN:
SF:C:\Users\longo\Andrea\developing\projecting\projecting-app\src\views\project\index.js
FNF:0
FNH:0
LF:0
LH:0
BRF:0
BRH:0
end_of_record
TN:
SF:C:\Users\longo\Andrea\developing\projecting\projecting-app\src\views\summary\Summary.vue
FN:52,(anonymous_1)
FN:61,(anonymous_2)
FN:62,(anonymous_3)
FN:65,(anonymous_4)
FN:66,(anonymous_5)
FN:69,(anonymous_6)
FN:70,(anonymous_7)
FN:73,(anonymous_8)
FN:74,(anonymous_9)
FN:78,(anonymous_10)
FN:84,(anonymous_11)
FNF:11
FNH:0
FNDA:0,(anonymous_1)
FNDA:0,(anonymous_2)
FNDA:0,(anonymous_3)
FNDA:0,(anonymous_4)
FNDA:0,(anonymous_5)
FNDA:0,(anonymous_6)
FNDA:0,(anonymous_7)
FNDA:0,(anonymous_8)
FNDA:0,(anonymous_9)
FNDA:0,(anonymous_10)
FNDA:0,(anonymous_11)
DA:39,0
DA:42,0
DA:43,0
DA:53,0
DA:62,0
DA:66,0
DA:70,0
DA:74,0
DA:79,0
DA:80,0
DA:81,0
DA:85,0
LF:12
LH:0
BRF:0
BRH:0
end_of_record
TN:
SF:C:\Users\longo\Andrea\developing\projecting\projecting-app\src\views\summary\index.js
FNF:0
FNH:0
LF:0
LH:0
BRF:0
BRH:0
end_of_record
TN:
SF:C:\Users\longo\Andrea\developing\projecting\projecting-app\src\views\summary\projects-list\ProjectsList.vue
FN:59,(anonymous_1)
FN:65,(anonymous_2)
FN:68,(anonymous_3)
FNF:3
FNH:0
FNDA:0,(anonymous_1)
FNDA:0,(anonymous_2)
FNDA:0,(anonymous_3)
DA:42,0
DA:60,0
DA:66,0
DA:69,0
LF:4
LH:0
BRF:0
BRH:0
end_of_record
TN:
SF:C:\Users\longo\Andrea\developing\projecting\projecting-app\src\views\summary\quick-info\QuickDeadline.vue
FN:42,(anonymous_1)
FN:48,(anonymous_2)
FN:49,(anonymous_3)
FN:55,(anonymous_4)
FN:68,(anonymous_5)
FN:85,(anonymous_6)
FNF:6
FNH:0
FNDA:0,(anonymous_1)
FNDA:0,(anonymous_2)
FNDA:0,(anonymous_3)
FNDA:0,(anonymous_4)
FNDA:0,(anonymous_5)
FNDA:0,(anonymous_6)
DA:29,0
DA:43,0
DA:49,0
DA:52,0
DA:56,0
DA:58,0
DA:59,0
DA:60,0
DA:62,0
DA:65,0
DA:69,0
DA:70,0
DA:73,0
DA:74,0
DA:77,0
DA:78,0
DA:81,0
DA:82,0
DA:86,0
DA:87,0
DA:89,0
DA:91,0
LF:22
LH:0
BRDA:69,0,0,0
BRDA:69,0,1,0
BRDA:73,1,0,0
BRDA:73,1,1,0
BRDA:77,2,0,0
BRDA:77,2,1,0
BRDA:81,3,0,0
BRDA:81,3,1,0
BRF:8
BRH:0
end_of_record
TN:
SF:C:\Users\longo\Andrea\developing\projecting\projecting-app\src\views\summary\quick-info\QuickInfo.vue
FN:67,(anonymous_1)
FN:73,(anonymous_2)
FNF:2
FNH:0
FNDA:0,(anonymous_1)
FNDA:0,(anonymous_2)
DA:44,0
DA:47,0
DA:48,0
DA:68,0
DA:74,0
LF:5
LH:0
BRF:0
BRH:0
end_of_record
TN:
SF:C:\Users\longo\Andrea\developing\projecting\projecting-app\src\views\summary\quick-info\QuickTask.vue
FN:44,(anonymous_1)
FN:50,(anonymous_2)
FN:51,(anonymous_3)
FN:55,(anonymous_4)
FN:58,(anonymous_5)
FNF:5
FNH:0
FNDA:0,(anonymous_1)
FNDA:0,(anonymous_2)
FNDA:0,(anonymous_3)
FNDA:0,(anonymous_4)
FNDA:0,(anonymous_5)
DA:31,0
DA:45,0
DA:51,0
DA:56,0
DA:59,0
LF:5
LH:0
BRF:0
BRH:0
end_of_record
